Build started 11/7/2015 5:37:54 PM.
     1>Project "G:\Code\Simpsons Hit&Run\game\libs\pure3d\build\win32\libpng.vcxproj" on node 3 (Rebuild target(s)).
     1>ClCompile:
         C:\Program Files (x86)\Microsoft Visual Studio 12.0\VC\bin\CL.exe /c /I..\..\lib\zlib /Zi /nologo /W3 /WX- /Od /Oy- /D _WINDOWS /D PNG_USER_MEM_SUPPORTED /D _DEBUG /D WIN32 /D RAD_WIN32 /D RAD_PC /D RAD_DEBUG /Gm- /EHsc /MTd /GS /fp:precise /Zc:wchar_t /Zc:forScope /GR /Fo".\obj\libpng\Debug/" /Fd".\obj\libpng\Debug/vc120.pdb" /Gd /TC /analyze- /errorReport:prompt ..\..\lib\libpng\png.c ..\..\lib\libpng\pngerror.c ..\..\lib\libpng\pngget.c ..\..\lib\libpng\pngmem.c ..\..\lib\libpng\pngpread.c ..\..\lib\libpng\pngread.c ..\..\lib\libpng\pngrio.c ..\..\lib\libpng\pngrtran.c ..\..\lib\libpng\pngrutil.c ..\..\lib\libpng\pngset.c ..\..\lib\libpng\pngtrans.c ..\..\lib\libpng\pngwio.c ..\..\lib\libpng\pngwrite.c ..\..\lib\libpng\pngwtran.c ..\..\lib\libpng\pngwutil.c
         png.c
     1>..\..\lib\libpng\png.c(344): warning C4996: 'sprintf': This function or variable may be unsafe. Consider using sprintf_s instead. To disable deprecation, use _CRT_SECURE_NO_WARNINGS. See online help for details.
                 C:\Program Files (x86)\Microsoft Visual Studio 12.0\VC\include\stdio.h(356) : see declaration of 'sprintf'
         pngerror.c
         pngget.c
         pngmem.c
         pngpread.c
         pngread.c
         pngrio.c
         pngrtran.c
     1>..\..\lib\libpng\pngrtran.c(1041): warning C4996: 'sprintf': This function or variable may be unsafe. Consider using sprintf_s instead. To disable deprecation, use _CRT_SECURE_NO_WARNINGS. See online help for details.
                 C:\Program Files (x86)\Microsoft Visual Studio 12.0\VC\include\stdio.h(356) : see declaration of 'sprintf'
         pngrutil.c
     1>..\..\lib\libpng\pngrutil.c(1400): warning C4996: 'sprintf': This function or variable may be unsafe. Consider using sprintf_s instead. To disable deprecation, use _CRT_SECURE_NO_WARNINGS. See online help for details.
                 C:\Program Files (x86)\Microsoft Visual Studio 12.0\VC\include\stdio.h(356) : see declaration of 'sprintf'
         pngset.c
         pngtrans.c
         pngwio.c
         pngwrite.c
     1>..\..\lib\libpng\pngwrite.c(239): warning C4996: 'gmtime': This function or variable may be unsafe. Consider using gmtime_s instead. To disable deprecation, use _CRT_SECURE_NO_WARNINGS. See online help for details.
                 C:\Program Files (x86)\Microsoft Visual Studio 12.0\VC\include\time.inl(99) : see declaration of 'gmtime'
         pngwtran.c
         pngwutil.c
     1>..\..\lib\libpng\pngwutil.c(617): warning C4996: 'sprintf': This function or variable may be unsafe. Consider using sprintf_s instead. To disable deprecation, use _CRT_SECURE_NO_WARNINGS. See online help for details.
                 C:\Program Files (x86)\Microsoft Visual Studio 12.0\VC\include\stdio.h(356) : see declaration of 'sprintf'
     1>..\..\lib\libpng\pngwutil.c(760): warning C4996: 'sprintf': This function or variable may be unsafe. Consider using sprintf_s instead. To disable deprecation, use _CRT_SECURE_NO_WARNINGS. See online help for details.
                 C:\Program Files (x86)\Microsoft Visual Studio 12.0\VC\include\stdio.h(356) : see declaration of 'sprintf'
         Generating Code...
     1>C:\Program Files (x86)\MSBuild\Microsoft.Cpp\v4.0\V120\Microsoft.CppBuild.targets(1354,5): warning MSB8012: TargetPath(G:\Code\Simpsons Hit&Run\game\libs\pure3d\build\win32\.\obj\libpng\Debug\libpng.lib) does not match the Library's OutputFile property value (G:\Code\Simpsons Hit&Run\game\libs\pure3d\build\lib\pngwd.lib). This may cause your project to build incorrectly. To correct this, please make sure that $(OutDir), $(TargetName) and $(TargetExt) property values match the value specified in %(Lib.OutputFile).
     1>C:\Program Files (x86)\MSBuild\Microsoft.Cpp\v4.0\V120\Microsoft.CppBuild.targets(1356,5): warning MSB8012: TargetName(libpng) does not match the Library's OutputFile property value (pngwd). This may cause your project to build incorrectly. To correct this, please make sure that $(OutDir), $(TargetName) and $(TargetExt) property values match the value specified in %(Lib.OutputFile).
       Lib:
         C:\Program Files (x86)\Microsoft Visual Studio 12.0\VC\bin\Lib.exe /OUT:"../lib/pngwd.lib" /NOLOGO .\obj\libpng\Debug/png.obj
         .\obj\libpng\Debug/pngerror.obj
         .\obj\libpng\Debug/pngget.obj
         .\obj\libpng\Debug/pngmem.obj
         .\obj\libpng\Debug/pngpread.obj
         .\obj\libpng\Debug/pngread.obj
         .\obj\libpng\Debug/pngrio.obj
         .\obj\libpng\Debug/pngrtran.obj
         .\obj\libpng\Debug/pngrutil.obj
         .\obj\libpng\Debug/pngset.obj
         .\obj\libpng\Debug/pngtrans.obj
         .\obj\libpng\Debug/pngwio.obj
         .\obj\libpng\Debug/pngwrite.obj
         .\obj\libpng\Debug/pngwtran.obj
         .\obj\libpng\Debug/pngwutil.obj
         libpng.vcxproj -> G:\Code\Simpsons Hit&Run\game\libs\pure3d\build\win32\.\obj\libpng\Debug\libpng.lib
     1>Done Building Project "G:\Code\Simpsons Hit&Run\game\libs\pure3d\build\win32\libpng.vcxproj" (Rebuild target(s)).

Build succeeded.

Time Elapsed 00:00:02.04
