Build started 11/7/2015 5:37:55 PM.
     1>Project "G:\Code\Simpsons Hit&Run\game\libs\pure3d\build\win32\zlib.vcxproj" on node 8 (Rebuild target(s)).
     1>ClCompile:
         C:\Program Files (x86)\Microsoft Visual Studio 12.0\VC\bin\CL.exe /c /Zi /nologo /W3 /WX- /Od /Oy- /D _WINDOWS /D _DEBUG /D WIN32 /D RAD_WIN32 /D RAD_PC /D RAD_DEBUG /Gm- /EHsc /MTd /GS /fp:precise /Zc:wchar_t /Zc:forScope /GR /Fo".\obj\zlib\Debug/" /Fd".\obj\zlib\Debug/vc120.pdb" /Gd /TC /analyze- /errorReport:prompt ..\..\lib\zlib\adler32.c ..\..\lib\zlib\compress.c ..\..\lib\zlib\crc32.c ..\..\lib\zlib\deflate.c ..\..\lib\zlib\gzio.c ..\..\lib\zlib\infblock.c ..\..\lib\zlib\infcodes.c ..\..\lib\zlib\inffast.c ..\..\lib\zlib\inflate.c ..\..\lib\zlib\inftrees.c ..\..\lib\zlib\infutil.c ..\..\lib\zlib\trees.c ..\..\lib\zlib\uncompr.c ..\..\lib\zlib\zutil.c
         adler32.c
         compress.c
         crc32.c
         deflate.c
         gzio.c
     1>..\..\lib\zlib\gzio.c(108): warning C4996: 'strcpy': This function or variable may be unsafe. Consider using strcpy_s instead. To disable deprecation, use _CRT_SECURE_NO_WARNINGS. See online help for details.
                 C:\Program Files (x86)\Microsoft Visual Studio 12.0\VC\include\string.h(112) : see declaration of 'strcpy'
     1>..\..\lib\zlib\gzio.c(156): warning C4996: 'fopen': This function or variable may be unsafe. Consider using fopen_s instead. To disable deprecation, use _CRT_SECURE_NO_WARNINGS. See online help for details.
                 C:\Program Files (x86)\Microsoft Visual Studio 12.0\VC\include\stdio.h(211) : see declaration of 'fopen'
     1>..\..\lib\zlib\gzio.c(201): warning C4996: 'sprintf': This function or variable may be unsafe. Consider using sprintf_s instead. To disable deprecation, use _CRT_SECURE_NO_WARNINGS. See online help for details.
                 C:\Program Files (x86)\Microsoft Visual Studio 12.0\VC\include\stdio.h(356) : see declaration of 'sprintf'
     1>..\..\lib\zlib\gzio.c(535): warning C4996: 'vsprintf': This function or variable may be unsafe. Consider using vsprintf_s instead. To disable deprecation, use _CRT_SECURE_NO_WARNINGS. See online help for details.
                 C:\Program Files (x86)\Microsoft Visual Studio 12.0\VC\include\stdio.h(356) : see declaration of 'vsprintf'
     1>..\..\lib\zlib\gzio.c(871): warning C4996: 'strcpy': This function or variable may be unsafe. Consider using strcpy_s instead. To disable deprecation, use _CRT_SECURE_NO_WARNINGS. See online help for details.
                 C:\Program Files (x86)\Microsoft Visual Studio 12.0\VC\include\string.h(112) : see declaration of 'strcpy'
     1>..\..\lib\zlib\gzio.c(872): warning C4996: 'strcat': This function or variable may be unsafe. Consider using strcat_s instead. To disable deprecation, use _CRT_SECURE_NO_WARNINGS. See online help for details.
                 C:\Program Files (x86)\Microsoft Visual Studio 12.0\VC\include\string.h(118) : see declaration of 'strcat'
     1>..\..\lib\zlib\gzio.c(873): warning C4996: 'strcat': This function or variable may be unsafe. Consider using strcat_s instead. To disable deprecation, use _CRT_SECURE_NO_WARNINGS. See online help for details.
                 C:\Program Files (x86)\Microsoft Visual Studio 12.0\VC\include\string.h(118) : see declaration of 'strcat'
         infblock.c
         infcodes.c
         inffast.c
         inflate.c
         inftrees.c
         infutil.c
         trees.c
         uncompr.c
         zutil.c
         Generating Code...
     1>C:\Program Files (x86)\MSBuild\Microsoft.Cpp\v4.0\V120\Microsoft.CppBuild.targets(1354,5): warning MSB8012: TargetPath(G:\Code\Simpsons Hit&Run\game\libs\pure3d\build\win32\.\obj\zlib\Debug\zlib.lib) does not match the Library's OutputFile property value (G:\Code\Simpsons Hit&Run\game\libs\pure3d\build\lib\zlibwd.lib). This may cause your project to build incorrectly. To correct this, please make sure that $(OutDir), $(TargetName) and $(TargetExt) property values match the value specified in %(Lib.OutputFile).
     1>C:\Program Files (x86)\MSBuild\Microsoft.Cpp\v4.0\V120\Microsoft.CppBuild.targets(1356,5): warning MSB8012: TargetName(zlib) does not match the Library's OutputFile property value (zlibwd). This may cause your project to build incorrectly. To correct this, please make sure that $(OutDir), $(TargetName) and $(TargetExt) property values match the value specified in %(Lib.OutputFile).
       Lib:
         C:\Program Files (x86)\Microsoft Visual Studio 12.0\VC\bin\Lib.exe /OUT:"../lib/zlibwd.lib" /NOLOGO .\obj\zlib\Debug/adler32.obj
         .\obj\zlib\Debug/compress.obj
         .\obj\zlib\Debug/crc32.obj
         .\obj\zlib\Debug/deflate.obj
         .\obj\zlib\Debug/gzio.obj
         .\obj\zlib\Debug/infblock.obj
         .\obj\zlib\Debug/infcodes.obj
         .\obj\zlib\Debug/inffast.obj
         .\obj\zlib\Debug/inflate.obj
         .\obj\zlib\Debug/inftrees.obj
         .\obj\zlib\Debug/infutil.obj
         .\obj\zlib\Debug/trees.obj
         .\obj\zlib\Debug/uncompr.obj
         .\obj\zlib\Debug/zutil.obj
         zlib.vcxproj -> G:\Code\Simpsons Hit&Run\game\libs\pure3d\build\win32\.\obj\zlib\Debug\zlib.lib
     1>Done Building Project "G:\Code\Simpsons Hit&Run\game\libs\pure3d\build\win32\zlib.vcxproj" (Rebuild target(s)).

Build succeeded.

Time Elapsed 00:00:01.68
