Build started 11/7/2015 5:40:29 PM.
     1>Project "G:\Code\Simpsons Hit&Run\game\libs\radmovie\build\win32\radmovie.vcxproj" on node 6 (Build target(s)).
     1>ClCompile:
         C:\Program Files (x86)\Microsoft Visual Studio 12.0\VC\bin\CL.exe /c /I../../inc /I../../../radcore/inc /I../../../radsound/inc /I../../../sdks/win32/bink /I../../../pure3d/p3d /I../../../pure3d /I../../../radmath /I../../../radmath/radmath /I../../../radcontent/inc /I..\..\..\..\code\ /ZI /nologo /W3 /WX- /Od /Oy- /D _DEBUG /D RAD_DEBUG /D WIN32 /D _LIB /D RAD_WIN32 /D RAD_PC /D _MBCS /Gm- /RTCc /MTd /GS /Gy /fp:precise /Zc:wchar_t /Zc:forScope /GR /Yu"pch.hpp" /Fp".\Debug/radmovie.pch" /Fo".\Debug/" /Fd".\Debug/vc120.pdb" /FR".\Debug\\" /Gd /TP /analyze- /errorReport:prompt ..\..\src\common\binkmovieplayer.cpp ..\..\src\common\binkradfile.cpp ..\..\src\common\binkrenderstrategy.cpp
         binkmovieplayer.cpp
     1>g:\code\simpsons hit&run\game\libs\radmovie\src\common\binkmovieplayer.hpp(54): warning C4996: 'sprintf': This function or variable may be unsafe. Consider using sprintf_s instead. To disable deprecation, use _CRT_SECURE_NO_WARNINGS. See online help for details.
                 c:\program files (x86)\microsoft visual studio 12.0\vc\include\stdio.h(356) : see declaration of 'sprintf'
     1>g:\code\simpsons hit&run\game\libs\radsound\src\hal\win32\system.hpp(37): warning C4996: 'sprintf': This function or variable may be unsafe. Consider using sprintf_s instead. To disable deprecation, use _CRT_SECURE_NO_WARNINGS. See online help for details.
                 c:\program files (x86)\microsoft visual studio 12.0\vc\include\stdio.h(356) : see declaration of 'sprintf'
         binkradfile.cpp
         binkrenderstrategy.cpp
     1>g:\code\simpsons hit&run\game\libs\radmovie\src\common\binkrenderstrategy.hpp(71): warning C4996: 'sprintf': This function or variable may be unsafe. Consider using sprintf_s instead. To disable deprecation, use _CRT_SECURE_NO_WARNINGS. See online help for details.
                 c:\program files (x86)\microsoft visual studio 12.0\vc\include\stdio.h(356) : see declaration of 'sprintf'
         Generating Code...
     1>C:\Program Files (x86)\MSBuild\Microsoft.Cpp\v4.0\V120\Microsoft.CppBuild.targets(1354,5): warning MSB8012: TargetPath(G:\Code\Simpsons Hit&Run\game\libs\radmovie\build\win32\.\Debug\radmovie.lib) does not match the Library's OutputFile property value (G:\Code\Simpsons Hit&Run\game\libs\radmovie\lib\radmoviewd.lib). This may cause your project to build incorrectly. To correct this, please make sure that $(OutDir), $(TargetName) and $(TargetExt) property values match the value specified in %(Lib.OutputFile).
     1>C:\Program Files (x86)\MSBuild\Microsoft.Cpp\v4.0\V120\Microsoft.CppBuild.targets(1356,5): warning MSB8012: TargetName(radmovie) does not match the Library's OutputFile property value (radmoviewd). This may cause your project to build incorrectly. To correct this, please make sure that $(OutDir), $(TargetName) and $(TargetExt) property values match the value specified in %(Lib.OutputFile).
       Lib:
         C:\Program Files (x86)\Microsoft Visual Studio 12.0\VC\bin\Lib.exe /OUT:"..\..\lib\radmoviewd.lib" /NOLOGO .\Debug/binkmovieplayer.obj
         .\Debug/binkradfile.obj
         .\Debug/binkrenderstrategy.obj
         .\Debug/pch.obj
         radmovie.vcxproj -> G:\Code\Simpsons Hit&Run\game\libs\radmovie\build\win32\.\Debug\radmovie.lib
       BscMake:
         C:\Program Files (x86)\Microsoft Visual Studio 12.0\VC\bin\bscmake.exe /nologo /o".\Debug\radmovie.bsc" .\Debug\binkmovieplayer.sbr .\Debug\binkradfile.sbr .\Debug\binkrenderstrategy.sbr .\Debug\pch.sbr
     1>Done Building Project "G:\Code\Simpsons Hit&Run\game\libs\radmovie\build\win32\radmovie.vcxproj" (Build target(s)).

Build succeeded.

Time Elapsed 00:00:03.63
