Build started 11/7/2015 5:44:25 PM.
     1>Project "G:\Code\Simpsons Hit&Run\game\libs\pure3d\tools\commandline\p3dgc\p3dgc.vcxproj" on node 3 (Build target(s)).
     1>CustomBuild:
         ToolsParamCreator
         Read in schema file p3dgc.sc...
         Generating Param.hpp
         Generating Param.cpp
       ClCompile:
         C:\Program Files (x86)\Microsoft Visual Studio 12.0\VC\bin\CL.exe /c /I../../../.. /I../../../toollib/inc /I../../../constants /I../../../toollib/chunks16/inc /I../../../../radmath /Zi /nologo /W3 /WX- /Od /Oy- /D _CONSOLE /D P3DDEBUG /D P3DWIN95 /D _DEBUG /D WIN32 /D RAD_WIN32 /D RAD_PC /D RAD_DEBUG /D _MBCS /Gm- /EHsc /MTd /GS /fp:precise /Zc:wchar_t /Zc:forScope /GR /Fo".\Debug/" /Fd".\Debug/vc120.pdb" /Gd /TP /analyze- /errorReport:prompt Param.cpp main.cpp version.cpp
         Param.cpp
     1>g:\code\simpsons hit&run\game\libs\pure3d\toollib\inc\tlHashList.hpp(206): warning C4346: 'tlHashList<T>::Entry' : dependent name is not a type
                 prefix with 'typename' to indicate a type
                 g:\code\simpsons hit&run\game\libs\pure3d\toollib\inc\tlHashList.hpp(211) : see reference to class template instantiation 'tlHashListIterator<T>' being compiled
     1>g:\code\simpsons hit&run\game\libs\pure3d\toollib\inc\tlHashList.hpp(206): error C2143: syntax error : missing ';' before '*'
     1>g:\code\simpsons hit&run\game\libs\pure3d\toollib\inc\tlHashList.hpp(206): error C4430: missing type specifier - int assumed. Note: C++ does not support default-int
     1>g:\code\simpsons hit&run\game\libs\pure3d\toollib\inc\tlOffsetList.hpp(12): fatal error C1083: Cannot open include file: 'tlPrimGroupChunk.hpp': No such file or directory
         main.cpp
     1>g:\code\simpsons hit&run\game\libs\pure3d\toollib\inc\tlHashList.hpp(206): warning C4346: 'tlHashList<T>::Entry' : dependent name is not a type
                 prefix with 'typename' to indicate a type
                 g:\code\simpsons hit&run\game\libs\pure3d\toollib\inc\tlHashList.hpp(211) : see reference to class template instantiation 'tlHashListIterator<T>' being compiled
     1>g:\code\simpsons hit&run\game\libs\pure3d\toollib\inc\tlHashList.hpp(206): error C2143: syntax error : missing ';' before '*'
     1>g:\code\simpsons hit&run\game\libs\pure3d\toollib\inc\tlHashList.hpp(206): error C4430: missing type specifier - int assumed. Note: C++ does not support default-int
     1>g:\code\simpsons hit&run\game\libs\pure3d\toollib\inc\tlOffsetList.hpp(12): fatal error C1083: Cannot open include file: 'tlPrimGroupChunk.hpp': No such file or directory
         version.cpp
         Generating Code...
     1>Done Building Project "G:\Code\Simpsons Hit&Run\game\libs\pure3d\tools\commandline\p3dgc\p3dgc.vcxproj" (Build target(s)) -- FAILED.

Build FAILED.

Time Elapsed 00:00:02.36
