Build started 11/7/2015 5:44:24 PM.
     1>Project "G:\Code\Simpsons Hit&Run\game\libs\pure3d\tools\gui-win32\p3ddiff\p3ddiff.vcxproj" on node 2 (Build target(s)).
     1>ClCompile:
         C:\Program Files (x86)\Microsoft Visual Studio 12.0\VC\bin\CL.exe /c /I../../../.. /I..\..\..\toollib\inc /I..\..\..\constants /I..\..\..\toollib\chunks16\inc /I../../../../radmath /Zi /nologo /W3 /WX- /Od /Oy- /D _WINDOWS /D _CONSOLE /D P3DDEBUG /D P3DWIN95 /D _DEBUG /D WIN32 /D RAD_WIN32 /D RAD_PC /D RAD_DEBUG /D _MBCS /Gm- /EHsc /MTd /GS /fp:precise /Zc:wchar_t /Zc:forScope /GR /Fo".\Debug/" /Fd".\Debug/vc120.pdb" /Gd /TP /analyze- /errorReport:prompt filewrapper.cpp imgwnd.cpp listviewwindow.cpp menu.cpp treeviewwindow.cpp winmain.cpp wndproc.cpp
         filewrapper.cpp
     1>g:\code\simpsons hit&run\game\libs\pure3d\toollib\inc\tlHashList.hpp(206): warning C4346: 'tlHashList<T>::Entry' : dependent name is not a type
                 prefix with 'typename' to indicate a type
                 g:\code\simpsons hit&run\game\libs\pure3d\toollib\inc\tlHashList.hpp(211) : see reference to class template instantiation 'tlHashListIterator<T>' being compiled
     1>g:\code\simpsons hit&run\game\libs\pure3d\toollib\inc\tlHashList.hpp(206): error C2143: syntax error : missing ';' before '*'
     1>g:\code\simpsons hit&run\game\libs\pure3d\toollib\inc\tlHashList.hpp(206): error C4430: missing type specifier - int assumed. Note: C++ does not support default-int
     1>g:\code\simpsons hit&run\game\libs\pure3d\toollib\inc\tlOffsetList.hpp(12): fatal error C1083: Cannot open include file: 'tlPrimGroupChunk.hpp': No such file or directory
         imgwnd.cpp
     1>g:\code\simpsons hit&run\game\libs\pure3d\toollib\inc\tlHashList.hpp(206): warning C4346: 'tlHashList<T>::Entry' : dependent name is not a type
                 prefix with 'typename' to indicate a type
                 g:\code\simpsons hit&run\game\libs\pure3d\toollib\inc\tlHashList.hpp(211) : see reference to class template instantiation 'tlHashListIterator<T>' being compiled
     1>g:\code\simpsons hit&run\game\libs\pure3d\toollib\inc\tlHashList.hpp(206): error C2143: syntax error : missing ';' before '*'
     1>g:\code\simpsons hit&run\game\libs\pure3d\toollib\inc\tlHashList.hpp(206): error C4430: missing type specifier - int assumed. Note: C++ does not support default-int
     1>g:\code\simpsons hit&run\game\libs\pure3d\toollib\inc\tlOffsetList.hpp(12): fatal error C1083: Cannot open include file: 'tlPrimGroupChunk.hpp': No such file or directory
         listviewwindow.cpp
     1>g:\code\simpsons hit&run\game\libs\pure3d\toollib\inc\tlHashList.hpp(206): warning C4346: 'tlHashList<T>::Entry' : dependent name is not a type
                 prefix with 'typename' to indicate a type
                 g:\code\simpsons hit&run\game\libs\pure3d\toollib\inc\tlHashList.hpp(211) : see reference to class template instantiation 'tlHashListIterator<T>' being compiled
     1>g:\code\simpsons hit&run\game\libs\pure3d\toollib\inc\tlHashList.hpp(206): error C2143: syntax error : missing ';' before '*'
     1>g:\code\simpsons hit&run\game\libs\pure3d\toollib\inc\tlHashList.hpp(206): error C4430: missing type specifier - int assumed. Note: C++ does not support default-int
     1>g:\code\simpsons hit&run\game\libs\pure3d\toollib\inc\tlOffsetList.hpp(12): fatal error C1083: Cannot open include file: 'tlPrimGroupChunk.hpp': No such file or directory
         menu.cpp
     1>g:\code\simpsons hit&run\game\libs\pure3d\toollib\inc\tlHashList.hpp(206): warning C4346: 'tlHashList<T>::Entry' : dependent name is not a type
                 prefix with 'typename' to indicate a type
                 g:\code\simpsons hit&run\game\libs\pure3d\toollib\inc\tlHashList.hpp(211) : see reference to class template instantiation 'tlHashListIterator<T>' being compiled
     1>g:\code\simpsons hit&run\game\libs\pure3d\toollib\inc\tlHashList.hpp(206): error C2143: syntax error : missing ';' before '*'
     1>g:\code\simpsons hit&run\game\libs\pure3d\toollib\inc\tlHashList.hpp(206): error C4430: missing type specifier - int assumed. Note: C++ does not support default-int
     1>g:\code\simpsons hit&run\game\libs\pure3d\toollib\inc\tlOffsetList.hpp(12): fatal error C1083: Cannot open include file: 'tlPrimGroupChunk.hpp': No such file or directory
         treeviewwindow.cpp
     1>g:\code\simpsons hit&run\game\libs\pure3d\toollib\inc\tlHashList.hpp(206): warning C4346: 'tlHashList<T>::Entry' : dependent name is not a type
                 prefix with 'typename' to indicate a type
                 g:\code\simpsons hit&run\game\libs\pure3d\toollib\inc\tlHashList.hpp(211) : see reference to class template instantiation 'tlHashListIterator<T>' being compiled
     1>g:\code\simpsons hit&run\game\libs\pure3d\toollib\inc\tlHashList.hpp(206): error C2143: syntax error : missing ';' before '*'
     1>g:\code\simpsons hit&run\game\libs\pure3d\toollib\inc\tlHashList.hpp(206): error C4430: missing type specifier - int assumed. Note: C++ does not support default-int
     1>g:\code\simpsons hit&run\game\libs\pure3d\toollib\inc\tlOffsetList.hpp(12): fatal error C1083: Cannot open include file: 'tlPrimGroupChunk.hpp': No such file or directory
         winmain.cpp
     1>g:\code\simpsons hit&run\game\libs\pure3d\toollib\inc\tlHashList.hpp(206): warning C4346: 'tlHashList<T>::Entry' : dependent name is not a type
                 prefix with 'typename' to indicate a type
                 g:\code\simpsons hit&run\game\libs\pure3d\toollib\inc\tlHashList.hpp(211) : see reference to class template instantiation 'tlHashListIterator<T>' being compiled
     1>g:\code\simpsons hit&run\game\libs\pure3d\toollib\inc\tlHashList.hpp(206): error C2143: syntax error : missing ';' before '*'
     1>g:\code\simpsons hit&run\game\libs\pure3d\toollib\inc\tlHashList.hpp(206): error C4430: missing type specifier - int assumed. Note: C++ does not support default-int
     1>g:\code\simpsons hit&run\game\libs\pure3d\toollib\inc\tlOffsetList.hpp(12): fatal error C1083: Cannot open include file: 'tlPrimGroupChunk.hpp': No such file or directory
         wndproc.cpp
     1>g:\code\simpsons hit&run\game\libs\pure3d\toollib\inc\tlHashList.hpp(206): warning C4346: 'tlHashList<T>::Entry' : dependent name is not a type
                 prefix with 'typename' to indicate a type
                 g:\code\simpsons hit&run\game\libs\pure3d\toollib\inc\tlHashList.hpp(211) : see reference to class template instantiation 'tlHashListIterator<T>' being compiled
     1>g:\code\simpsons hit&run\game\libs\pure3d\toollib\inc\tlHashList.hpp(206): error C2143: syntax error : missing ';' before '*'
     1>g:\code\simpsons hit&run\game\libs\pure3d\toollib\inc\tlHashList.hpp(206): error C4430: missing type specifier - int assumed. Note: C++ does not support default-int
     1>g:\code\simpsons hit&run\game\libs\pure3d\toollib\inc\tlOffsetList.hpp(12): fatal error C1083: Cannot open include file: 'tlPrimGroupChunk.hpp': No such file or directory
         Generating Code...
     1>Done Building Project "G:\Code\Simpsons Hit&Run\game\libs\pure3d\tools\gui-win32\p3ddiff\p3ddiff.vcxproj" (Build target(s)) -- FAILED.

Build FAILED.

Time Elapsed 00:00:08.61
