Build started 11/7/2015 5:40:29 PM.
     1>Project "G:\Code\Simpsons Hit&Run\game\libs\radsound\build\win32\radsound.vcxproj" on node 4 (Build target(s)).
     1>ClCompile:
         C:\Program Files (x86)\Microsoft Visual Studio 12.0\VC\bin\CL.exe /c /I..\..\src\common /I..\..\inc /I..\..\..\radcore\inc /I..\..\..\sdks\win32\eax2\Include /I..\..\..\..\code\ /ZI /nologo /W3 /WX- /Od /Oy- /D _DEBUG /D DEBUG /D _LIB /D WIN32 /D RAD_WIN32 /D RAD_DEBUG /D _MBCS /Gm- /RTCc /MTd /GS /Gy /fp:precise /Zc:wchar_t /Zc:forScope /GR /Yu"pch.hpp" /Fp".\Debug/radsound.pch" /Fo".\Debug/" /Fd".\Debug/vc120.pdb" /FR".\Debug\\" /Gd /TP /analyze- /errorReport:prompt ..\..\src\hal\win32\system.cpp
         system.cpp
     1>g:\code\simpsons hit&run\game\libs\radsound\src\hal\win32\system.hpp(37): warning C4996: 'sprintf': This function or variable may be unsafe. Consider using sprintf_s instead. To disable deprecation, use _CRT_SECURE_NO_WARNINGS. See online help for details.
                 c:\program files (x86)\microsoft visual studio 12.0\vc\include\stdio.h(356) : see declaration of 'sprintf'
     1>g:\code\simpsons hit&run\game\libs\radsound\src\hal\win32\positionalgroup.hpp(52): warning C4996: 'sprintf': This function or variable may be unsafe. Consider using sprintf_s instead. To disable deprecation, use _CRT_SECURE_NO_WARNINGS. See online help for details.
                 c:\program files (x86)\microsoft visual studio 12.0\vc\include\stdio.h(356) : see declaration of 'sprintf'
     1>g:\code\simpsons hit&run\game\libs\radsound\src\hal\win32\listener.hpp(42): warning C4996: 'sprintf': This function or variable may be unsafe. Consider using sprintf_s instead. To disable deprecation, use _CRT_SECURE_NO_WARNINGS. See online help for details.
                 c:\program files (x86)\microsoft visual studio 12.0\vc\include\stdio.h(356) : see declaration of 'sprintf'
     1>g:\code\simpsons hit&run\game\libs\radsound\src\hal\win32\buffer.hpp(71): warning C4996: 'sprintf': This function or variable may be unsafe. Consider using sprintf_s instead. To disable deprecation, use _CRT_SECURE_NO_WARNINGS. See online help for details.
                 c:\program files (x86)\microsoft visual studio 12.0\vc\include\stdio.h(356) : see declaration of 'sprintf'
     1>g:\code\simpsons hit&run\game\libs\radsound\src\hal\win32\voice.hpp(73): warning C4996: 'sprintf': This function or variable may be unsafe. Consider using sprintf_s instead. To disable deprecation, use _CRT_SECURE_NO_WARNINGS. See online help for details.
                 c:\program files (x86)\microsoft visual studio 12.0\vc\include\stdio.h(356) : see declaration of 'sprintf'
     1>g:\code\simpsons hit&run\game\libs\radsound\src\hal\common\memoryregion.hpp(16): warning C4996: 'sprintf': This function or variable may be unsafe. Consider using sprintf_s instead. To disable deprecation, use _CRT_SECURE_NO_WARNINGS. See online help for details.
                 c:\program files (x86)\microsoft visual studio 12.0\vc\include\stdio.h(356) : see declaration of 'sprintf'
     1>g:\code\simpsons hit&run\game\libs\radsound\src\hal\win32\system.cpp(91): error C2065: 'IID_IDirectSound8' : undeclared identifier
     1>Done Building Project "G:\Code\Simpsons Hit&Run\game\libs\radsound\build\win32\radsound.vcxproj" (Build target(s)) -- FAILED.

Build FAILED.

Time Elapsed 00:00:01.08
