Build started 11/7/2015 5:37:54 PM.
     1>Project "G:\Code\Simpsons Hit&Run\game\libs\choreo\build\win32\choreo.vcxproj" on node 2 (Rebuild target(s)).
     1>ClCompile:
         C:\Program Files (x86)\Microsoft Visual Studio 12.0\VC\bin\CL.exe /c /I..\..\inc /I..\..\..\pure3d /I..\..\..\poser\inc /I..\..\..\sim /I..\..\..\radmath /I..\..\..\radcore\inc /I..\..\..\radcontent\inc /I..\..\..\..\code\ /ZI /nologo /W3 /WX- /Od /Oy- /D _DEBUG /D RAD_DEBUG /D WIN32 /D _LIB /D RAD_WIN32 /D RAD_PC /D _MBCS /Gm- /EHsc /MTd /GS /fp:precise /Zc:wchar_t /Zc:forScope /GR /Fo".\debug/" /Fd".\debug/vc120.pdb" /Gd /TP /analyze- /errorReport:prompt ..\..\src\blendtemplate.cpp ..\..\src\constants.cpp ..\..\src\driver.cpp ..\..\src\internalanimation.cpp ..\..\src\jointblenddriver.cpp ..\..\src\jointblender.cpp ..\..\src\replayblenddriver.cpp ..\..\src\replayblender.cpp ..\..\src\rootblenddriver.cpp ..\..\src\rootblender.cpp ..\..\src\utility.cpp ..\..\src\basebank.cpp ..\..\src\load.cpp ..\..\src\scriptreader.cpp ..\..\src\scriptwriter.cpp ..\..\src\footblenddriver.cpp ..\..\src\footblender.cpp ..\..\src\footplanter.cpp ..\..\src\bank.cpp ..\..\src\engine.cpp ..\..\src\partition.cpp ..\..\src\puppet.cpp ..\..\src\rig.cpp ..\..\src\animation.cpp ..\..\src\blend.cpp ..\..\src\foot.cpp ..\..\src\locomotion.cpp ..\..\src\replay.cpp ..\..\src\root.cpp ..\..\src\synchronization.cpp ..\..\src\transition.cpp
         blendtemplate.cpp
         constants.cpp
         driver.cpp
         internalanimation.cpp
         jointblenddriver.cpp
         jointblender.cpp
         replayblenddriver.cpp
         replayblender.cpp
         rootblenddriver.cpp
         rootblender.cpp
         utility.cpp
     1>g:\code\simpsons hit&run\game\libs\choreo\src\utility.cpp(120): warning C4996: '_vsnprintf': This function or variable may be unsafe. Consider using _vsnprintf_s instead. To disable deprecation, use _CRT_SECURE_NO_WARNINGS. See online help for details.
                 c:\program files (x86)\microsoft visual studio 12.0\vc\include\stdio.h(346) : see declaration of '_vsnprintf'
         basebank.cpp
         load.cpp
     1>g:\code\simpsons hit&run\game\libs\choreo\src\load.cpp(528): warning C4996: 'strcmpi': The POSIX name for this item is deprecated. Instead, use the ISO C++ conformant name: _strcmpi. See online help for details.
                 c:\program files (x86)\microsoft visual studio 12.0\vc\include\string.h(252) : see declaration of 'strcmpi'
     1>g:\code\simpsons hit&run\game\libs\choreo\src\load.cpp(537): warning C4996: 'strcmpi': The POSIX name for this item is deprecated. Instead, use the ISO C++ conformant name: _strcmpi. See online help for details.
                 c:\program files (x86)\microsoft visual studio 12.0\vc\include\string.h(252) : see declaration of 'strcmpi'
         scriptreader.cpp
         scriptwriter.cpp
     1>g:\code\simpsons hit&run\game\libs\choreo\src\scriptwriter.cpp(82): warning C4996: 'strcpy': This function or variable may be unsafe. Consider using strcpy_s instead. To disable deprecation, use _CRT_SECURE_NO_WARNINGS. See online help for details.
                 c:\program files (x86)\microsoft visual studio 12.0\vc\include\string.h(112) : see declaration of 'strcpy'
     1>g:\code\simpsons hit&run\game\libs\choreo\src\scriptwriter.cpp(89): warning C4996: 'strcpy': This function or variable may be unsafe. Consider using strcpy_s instead. To disable deprecation, use _CRT_SECURE_NO_WARNINGS. See online help for details.
                 c:\program files (x86)\microsoft visual studio 12.0\vc\include\string.h(112) : see declaration of 'strcpy'
         footblenddriver.cpp
         footblender.cpp
         footplanter.cpp
         bank.cpp
         engine.cpp
         Generating Code...
         Compiling...
         partition.cpp
         puppet.cpp
     1>g:\code\simpsons hit&run\game\libs\choreo\src\puppet.cpp(1078): warning C4244: 'argument' : conversion from 'const int' to 'float', possible loss of data
     1>g:\code\simpsons hit&run\game\libs\choreo\src\puppet.cpp(1079): warning C4244: 'argument' : conversion from 'int' to 'float', possible loss of data
         rig.cpp
         animation.cpp
         blend.cpp
         foot.cpp
         locomotion.cpp
         replay.cpp
         root.cpp
         synchronization.cpp
         transition.cpp
         Generating Code...
     1>C:\Program Files (x86)\MSBuild\Microsoft.Cpp\v4.0\V120\Microsoft.CppBuild.targets(1354,5): warning MSB8012: TargetPath(G:\Code\Simpsons Hit&Run\game\libs\choreo\build\win32\.\debug\choreo.lib) does not match the Library's OutputFile property value (G:\Code\Simpsons Hit&Run\game\libs\choreo\lib\choreowd.lib). This may cause your project to build incorrectly. To correct this, please make sure that $(OutDir), $(TargetName) and $(TargetExt) property values match the value specified in %(Lib.OutputFile).
     1>C:\Program Files (x86)\MSBuild\Microsoft.Cpp\v4.0\V120\Microsoft.CppBuild.targets(1356,5): warning MSB8012: TargetName(choreo) does not match the Library's OutputFile property value (choreowd). This may cause your project to build incorrectly. To correct this, please make sure that $(OutDir), $(TargetName) and $(TargetExt) property values match the value specified in %(Lib.OutputFile).
       Lib:
         C:\Program Files (x86)\Microsoft Visual Studio 12.0\VC\bin\Lib.exe /OUT:"..\..\lib\choreowd.lib" /NOLOGO .\debug/blendtemplate.obj
         .\debug/constants.obj
         .\debug/driver.obj
         .\debug/internalanimation.obj
         .\debug/jointblenddriver.obj
         .\debug/jointblender.obj
         .\debug/replayblenddriver.obj
         .\debug/replayblender.obj
         .\debug/rootblenddriver.obj
         .\debug/rootblender.obj
         .\debug/utility.obj
         .\debug/basebank.obj
         .\debug/load.obj
         .\debug/scriptreader.obj
         .\debug/scriptwriter.obj
         .\debug/footblenddriver.obj
         .\debug/footblender.obj
         .\debug/footplanter.obj
         .\debug/bank.obj
         .\debug/engine.obj
         .\debug/partition.obj
         .\debug/puppet.obj
         .\debug/rig.obj
         .\debug/animation.obj
         .\debug/blend.obj
         .\debug/foot.obj
         .\debug/locomotion.obj
         .\debug/replay.obj
         .\debug/root.obj
         .\debug/synchronization.obj
         .\debug/transition.obj
     1>footblenddriver.obj : warning LNK4221: This object file does not define any previously undefined public symbols, so it will not be used by any link operation that consumes this library
     1>rootblenddriver.obj : warning LNK4221: This object file does not define any previously undefined public symbols, so it will not be used by any link operation that consumes this library
     1>replayblenddriver.obj : warning LNK4221: This object file does not define any previously undefined public symbols, so it will not be used by any link operation that consumes this library
     1>jointblenddriver.obj : warning LNK4221: This object file does not define any previously undefined public symbols, so it will not be used by any link operation that consumes this library
     1>driver.obj : warning LNK4221: This object file does not define any previously undefined public symbols, so it will not be used by any link operation that consumes this library
     1>blendtemplate.obj : warning LNK4221: This object file does not define any previously undefined public symbols, so it will not be used by any link operation that consumes this library
         choreo.vcxproj -> G:\Code\Simpsons Hit&Run\game\libs\choreo\build\win32\.\debug\choreo.lib
     1>Done Building Project "G:\Code\Simpsons Hit&Run\game\libs\choreo\build\win32\choreo.vcxproj" (Rebuild target(s)).

Build succeeded.

Time Elapsed 00:00:11.32
