Build started 11/7/2015 5:44:20 PM.
     1>Project "G:\Code\Simpsons Hit&Run\game\libs\pure3d\lib\freetype\builds\win32\visualc\freetype.vcxproj" on node 2 (Build target(s)).
     1>ClCompile:
         C:\Program Files (x86)\Microsoft Visual Studio 12.0\VC\bin\CL.exe /c /I..\..\..\include /Zi /nologo /W3 /WX- /Od /Oy- /D _LIB /D FT_DEBUG_LEVEL_ERROR /D FT_DEBUG_LEVEL_TRACE /D _DEBUG /D WIN32 /D RAD_WIN32 /D RAD_PC /D RAD_DEBUG /D _MBCS /Gm- /EHsc /RTC1 /MTd /GS /fp:precise /Zc:wchar_t /Zc:forScope /GR /Fo".\..\..\..\objs\debug/" /Fd".\..\..\..\objs\debug/vc120.pdb" /Gd /TC /analyze- /errorReport:prompt ..\..\..\src\autohint\autohint.c ..\..\..\src\cff\cff.c ..\..\..\src\base\ftbase.c ..\..\..\src\base\ftdebug.c ..\..\..\src\base\ftglyph.c ..\..\..\src\base\ftinit.c ..\..\..\src\base\ftmm.c ..\..\..\src\base\ftsystem.c ..\..\..\src\pcf\pcf.c ..\..\..\src\psaux\psaux.c ..\..\..\src\psnames\psmodule.c ..\..\..\src\raster\raster.c ..\..\..\src\sfnt\sfnt.c ..\..\..\src\smooth\smooth.c ..\..\..\src\truetype\truetype.c ..\..\..\src\type1\type1.c ..\..\..\src\cid\type1cid.c ..\..\..\src\winfonts\winfnt.c
         autohint.c
         cff.c
         ftbase.c
         ftdebug.c
         ftglyph.c
         ftinit.c
         ftmm.c
         ftsystem.c
     1>..\..\..\src\base\ftsystem.c(131): warning C4996: 'fopen': This function or variable may be unsafe. Consider using fopen_s instead. To disable deprecation, use _CRT_SECURE_NO_WARNINGS. See online help for details.
                 C:\Program Files (x86)\Microsoft Visual Studio 12.0\VC\include\stdio.h(211) : see declaration of 'fopen'
         pcf.c
     1>g:\code\simpsons hit&run\game\libs\pure3d\lib\freetype\src\pcf\pcfread.c(454): warning C4996: 'strcpy': This function or variable may be unsafe. Consider using strcpy_s instead. To disable deprecation, use _CRT_SECURE_NO_WARNINGS. See online help for details.
                 C:\Program Files (x86)\Microsoft Visual Studio 12.0\VC\include\string.h(112) : see declaration of 'strcpy'
     1>g:\code\simpsons hit&run\game\libs\pure3d\lib\freetype\src\pcf\pcfread.c(464): warning C4996: 'strcpy': This function or variable may be unsafe. Consider using strcpy_s instead. To disable deprecation, use _CRT_SECURE_NO_WARNINGS. See online help for details.
                 C:\Program Files (x86)\Microsoft Visual Studio 12.0\VC\include\string.h(112) : see declaration of 'strcpy'
     1>g:\code\simpsons hit&run\game\libs\pure3d\lib\freetype\src\pcf\pcfread.c(970): warning C4996: 'strcpy': This function or variable may be unsafe. Consider using strcpy_s instead. To disable deprecation, use _CRT_SECURE_NO_WARNINGS. See online help for details.
                 C:\Program Files (x86)\Microsoft Visual Studio 12.0\VC\include\string.h(112) : see declaration of 'strcpy'
     1>g:\code\simpsons hit&run\game\libs\pure3d\lib\freetype\src\pcf\pcfread.c(1049): warning C4996: 'strcpy': This function or variable may be unsafe. Consider using strcpy_s instead. To disable deprecation, use _CRT_SECURE_NO_WARNINGS. See online help for details.
                 C:\Program Files (x86)\Microsoft Visual Studio 12.0\VC\include\string.h(112) : see declaration of 'strcpy'
     1>g:\code\simpsons hit&run\game\libs\pure3d\lib\freetype\src\pcf\pcfread.c(1050): warning C4996: 'strcpy': This function or variable may be unsafe. Consider using strcpy_s instead. To disable deprecation, use _CRT_SECURE_NO_WARNINGS. See online help for details.
                 C:\Program Files (x86)\Microsoft Visual Studio 12.0\VC\include\string.h(112) : see declaration of 'strcpy'
         psaux.c
         psmodule.c
     1>..\..\..\src\psnames\psmodule.c(109): warning C4996: 'strncpy': This function or variable may be unsafe. Consider using strncpy_s instead. To disable deprecation, use _CRT_SECURE_NO_WARNINGS. See online help for details.
                 C:\Program Files (x86)\Microsoft Visual Studio 12.0\VC\include\string.h(195) : see declaration of 'strncpy'
         raster.c
         sfnt.c
         smooth.c
         truetype.c
         type1.c
         type1cid.c
         winfnt.c
         Generating Code...
     1>C:\Program Files (x86)\MSBuild\Microsoft.Cpp\v4.0\V120\Microsoft.CppBuild.targets(1354,5): warning MSB8012: TargetPath(G:\Code\Simpsons Hit&Run\game\libs\pure3d\lib\freetype\builds\win32\visualc\.\..\..\..\objs\debug\freetype.lib) does not match the Library's OutputFile property value (G:\Code\Simpsons Hit&Run\game\libs\pure3d\lib\freetype\objs\freetyped.lib). This may cause your project to build incorrectly. To correct this, please make sure that $(OutDir), $(TargetName) and $(TargetExt) property values match the value specified in %(Lib.OutputFile).
     1>C:\Program Files (x86)\MSBuild\Microsoft.Cpp\v4.0\V120\Microsoft.CppBuild.targets(1356,5): warning MSB8012: TargetName(freetype) does not match the Library's OutputFile property value (freetyped). This may cause your project to build incorrectly. To correct this, please make sure that $(OutDir), $(TargetName) and $(TargetExt) property values match the value specified in %(Lib.OutputFile).
       Lib:
         C:\Program Files (x86)\Microsoft Visual Studio 12.0\VC\bin\Lib.exe /OUT:"..\..\..\objs\freetyped.lib" /NOLOGO .\..\..\..\objs\debug/autohint.obj
         .\..\..\..\objs\debug/cff.obj
         .\..\..\..\objs\debug/ftbase.obj
         .\..\..\..\objs\debug/ftdebug.obj
         .\..\..\..\objs\debug/ftglyph.obj
         .\..\..\..\objs\debug/ftinit.obj
         .\..\..\..\objs\debug/ftmm.obj
         .\..\..\..\objs\debug/ftsystem.obj
         .\..\..\..\objs\debug/pcf.obj
         .\..\..\..\objs\debug/psaux.obj
         .\..\..\..\objs\debug/psmodule.obj
         .\..\..\..\objs\debug/raster.obj
         .\..\..\..\objs\debug/sfnt.obj
         .\..\..\..\objs\debug/smooth.obj
         .\..\..\..\objs\debug/truetype.obj
         .\..\..\..\objs\debug/type1.obj
         .\..\..\..\objs\debug/type1cid.obj
         .\..\..\..\objs\debug/winfnt.obj
         freetype.vcxproj -> G:\Code\Simpsons Hit&Run\game\libs\pure3d\lib\freetype\builds\win32\visualc\.\..\..\..\objs\debug\freetype.lib
     1>Done Building Project "G:\Code\Simpsons Hit&Run\game\libs\pure3d\lib\freetype\builds\win32\visualc\freetype.vcxproj" (Build target(s)).

Build succeeded.

Time Elapsed 00:00:01.42
