Build started 11/7/2015 5:37:55 PM.
     1>Project "G:\Code\Simpsons Hit&Run\game\libs\radcontent\build\win32\radcontent.vcxproj" on node 7 (Rebuild target(s)).
     1>ClCompile:
         C:\Program Files (x86)\Microsoft Visual Studio 12.0\VC\bin\CL.exe /c /I../../inc /I../../src /I../../../radcore/inc /I../../../radmath /I../../../../code /ZI /nologo /W3 /WX- /Od /Oy- /D WIN32 /D _DEBUG /D _WINDOWS /D RAD_PC /D RAD_WIN32 /D RAD_DEBUG /Gm- /EHsc /MTd /GS /fp:precise /Zc:wchar_t /Zc:forScope /GR /Fo".\Debug/" /Fd".\Debug/vc120.pdb" /Gd /TP /analyze- /errorReport:prompt ..\..\src\radload\hashtable.cpp ..\..\src\radload\inventory.cpp ..\..\src\radload\manager.cpp ..\..\src\radload\object.cpp ..\..\src\radload\queue.cpp ..\..\src\radload\request.cpp ..\..\src\radload\stream.cpp
         hashtable.cpp
         inventory.cpp
         manager.cpp
     1>g:\code\simpsons hit&run\game\libs\radcontent\src\radload\manager.cpp(294): warning C4996: 'strcpy': This function or variable may be unsafe. Consider using strcpy_s instead. To disable deprecation, use _CRT_SECURE_NO_WARNINGS. See online help for details.
                 c:\program files (x86)\microsoft visual studio 12.0\vc\include\string.h(112) : see declaration of 'strcpy'
         object.cpp
         queue.cpp
         request.cpp
         stream.cpp
         Generating Code...
     1>C:\Program Files (x86)\MSBuild\Microsoft.Cpp\v4.0\V120\Microsoft.CppBuild.targets(1354,5): warning MSB8012: TargetPath(G:\Code\Simpsons Hit&Run\game\libs\radcontent\build\win32\.\Debug\radcontent.lib) does not match the Library's OutputFile property value (G:\Code\Simpsons Hit&Run\game\libs\radcontent\lib\radcontentwd.lib). This may cause your project to build incorrectly. To correct this, please make sure that $(OutDir), $(TargetName) and $(TargetExt) property values match the value specified in %(Lib.OutputFile).
     1>C:\Program Files (x86)\MSBuild\Microsoft.Cpp\v4.0\V120\Microsoft.CppBuild.targets(1356,5): warning MSB8012: TargetName(radcontent) does not match the Library's OutputFile property value (radcontentwd). This may cause your project to build incorrectly. To correct this, please make sure that $(OutDir), $(TargetName) and $(TargetExt) property values match the value specified in %(Lib.OutputFile).
       Lib:
         C:\Program Files (x86)\Microsoft Visual Studio 12.0\VC\bin\Lib.exe /OUT:"../../lib/radcontentwd.lib" /NOLOGO .\Debug/hashtable.obj
         .\Debug/inventory.obj
         .\Debug/manager.obj
         .\Debug/object.obj
         .\Debug/queue.obj
         .\Debug/request.obj
         .\Debug/stream.obj
         radcontent.vcxproj -> G:\Code\Simpsons Hit&Run\game\libs\radcontent\build\win32\.\Debug\radcontent.lib
     1>Done Building Project "G:\Code\Simpsons Hit&Run\game\libs\radcontent\build\win32\radcontent.vcxproj" (Rebuild target(s)).

Build succeeded.

Time Elapsed 00:00:02.22
