Build started 11/7/2015 5:44:28 PM.
     1>Project "G:\Code\Simpsons Hit&Run\game\libs\pure3d\tools\commandline\AnimCollDSGMaker\AnimCollDSGMaker.vcxproj" on node 4 (Build target(s)).
     1>CustomBuild:
         ToolsParamCreator
         Read in schema file AnimCollDSGMaker.sc...
         Generating Param.hpp
         Generating Param.cpp
       ClCompile:
         C:\Program Files (x86)\Microsoft Visual Studio 12.0\VC\bin\CL.exe /c /I../perl /I../../../../../code/constants /I../../../toollib/inc /I../../../constants /I../../../toollib/chunks16/inc /I../../../../radmath /ZI /nologo /W3 /WX- /Od /Oy- /D _DEBUG /D RAD_DEBUG /D WIN32 /D _CONSOLE /D P3DDEBUG /D P3DWIN95 /D RAD_WIN32 /D RAD_PC /D _MBCS /Gm- /EHsc /MT /GS /fp:precise /Zc:wchar_t /Zc:forScope /GR /Fo".\Debug/" /Fd".\Debug/vc120.pdb" /FR".\Debug\\" /Gd /TP /analyze- /errorReport:prompt AnimCollDSGList.cpp Param.cpp main.cpp version.cpp
         AnimCollDSGList.cpp
     1>g:\code\simpsons hit&run\game\libs\pure3d\tools\commandline\animcolldsgmaker\animcolldsglist.hpp(1): fatal error C1083: Cannot open include file: 'tlAnimCollDSGChunk.hpp': No such file or directory
         Param.cpp
     1>g:\code\simpsons hit&run\game\libs\pure3d\toollib\inc\toollib.hpp(19): fatal error C1083: Cannot open include file: 'constants/version.hpp': No such file or directory
         main.cpp
     1>g:\code\simpsons hit&run\game\libs\pure3d\toollib\inc\toollib.hpp(19): fatal error C1083: Cannot open include file: 'constants/version.hpp': No such file or directory
         version.cpp
         Generating Code...
     1>Done Building Project "G:\Code\Simpsons Hit&Run\game\libs\pure3d\tools\commandline\AnimCollDSGMaker\AnimCollDSGMaker.vcxproj" (Build target(s)) -- FAILED.

Build FAILED.

Time Elapsed 00:00:01.54
