Build started 11/7/2015 5:37:57 PM.
     1>Project "G:\Code\Simpsons Hit&Run\game\libs\scrooby\build\win32\ScroobyLib.vcxproj" on node 3 (Rebuild target(s)).
     1>ClCompile:
         C:\Program Files (x86)\Microsoft Visual Studio 12.0\VC\bin\CL.exe /c /I../../../radmath /I../../../pure3d /I../../../radcore/inc /I../../inc /I../../src /I..\..\..\radcontent\inc /I..\..\..\..\code /ZI /nologo /W3 /WX- /Od /Oy- /D WIN32 /D _LIB /D SCROOBY_RUNTIME /D RAD_PC /D RAD_WIN32 /D RAD_DEBUG /D _MBCS /Gm- /EHsc /MTd /GS /fp:precise /Zc:wchar_t /Zc:forScope /GR /Fo".\Debug/" /Fd".\Debug/vc120.pdb" /FR".\Debug\\" /Gd /TP /analyze- /errorReport:prompt ..\..\src\FeApp.cpp ..\..\src\FeBoundedDrawable.cpp ..\..\src\FeDrawable.cpp ..\..\src\FeEntity.cpp ..\..\src\FeGroup.cpp ..\..\src\FeLanguage.cpp ..\..\src\FeLayer.cpp ..\..\src\FeMovie.cpp ..\..\src\FeOwner.cpp ..\..\src\FePage.cpp ..\..\src\FeParent.cpp ..\..\src\FePolygon.cpp ..\..\src\FeProject.cpp ..\..\src\FePure3dObject.cpp ..\..\src\FeScreen.cpp ..\..\src\FeSprite.cpp ..\..\src\FeText.cpp ..\..\src\FeTextBible.cpp ..\..\src\FeTextStyle.cpp ..\..\src\scrooby\App.cpp ..\..\src\FeChunkHandler.cpp ..\..\src\FeLoaders.cpp ..\..\src\utility\BufferReader.cpp ..\..\src\xml\XMLParser.cpp ..\..\src\xml\XMLTree.cpp ..\..\src\utility\AsyncFileLoader.cpp ..\..\src\utility\EnumConversion.cpp ..\..\src\utility\debugMessages.cpp ..\..\src\tLinearTable.cpp ..\..\src\ResourceManager\FeResourceManager.cpp ..\..\Src\strings\UnicodeString.cpp ..\..\src\strings\pcstring.cpp ..\..\src\strings\stricmp.cpp
         FeApp.cpp
     1>g:\code\simpsons hit&run\game\libs\scrooby\src\resourcemanager\feresourcemanager.h(193): warning C4996: 'strcpy': This function or variable may be unsafe. Consider using strcpy_s instead. To disable deprecation, use _CRT_SECURE_NO_WARNINGS. See online help for details.
                 c:\program files (x86)\microsoft visual studio 12.0\vc\include\string.h(112) : see declaration of 'strcpy'
     1>g:\code\simpsons hit&run\game\libs\scrooby\src\feapp.cpp(603): warning C4996: 'sprintf': This function or variable may be unsafe. Consider using sprintf_s instead. To disable deprecation, use _CRT_SECURE_NO_WARNINGS. See online help for details.
                 c:\program files (x86)\microsoft visual studio 12.0\vc\include\stdio.h(356) : see declaration of 'sprintf'
     1>g:\code\simpsons hit&run\game\libs\scrooby\src\feapp.cpp(765): warning C4996: 'strcpy': This function or variable may be unsafe. Consider using strcpy_s instead. To disable deprecation, use _CRT_SECURE_NO_WARNINGS. See online help for details.
                 c:\program files (x86)\microsoft visual studio 12.0\vc\include\string.h(112) : see declaration of 'strcpy'
         FeBoundedDrawable.cpp
         FeDrawable.cpp
     1>g:\code\simpsons hit&run\game\libs\scrooby\src\fedrawable.cpp(637): warning C4996: 'sprintf': This function or variable may be unsafe. Consider using sprintf_s instead. To disable deprecation, use _CRT_SECURE_NO_WARNINGS. See online help for details.
                 c:\program files (x86)\microsoft visual studio 12.0\vc\include\stdio.h(356) : see declaration of 'sprintf'
     1>g:\code\simpsons hit&run\game\libs\scrooby\src\fedrawable.cpp(667): warning C4996: 'sprintf': This function or variable may be unsafe. Consider using sprintf_s instead. To disable deprecation, use _CRT_SECURE_NO_WARNINGS. See online help for details.
                 c:\program files (x86)\microsoft visual studio 12.0\vc\include\stdio.h(356) : see declaration of 'sprintf'
     1>g:\code\simpsons hit&run\game\libs\scrooby\src\fedrawable.cpp(697): warning C4996: 'sprintf': This function or variable may be unsafe. Consider using sprintf_s instead. To disable deprecation, use _CRT_SECURE_NO_WARNINGS. See online help for details.
                 c:\program files (x86)\microsoft visual studio 12.0\vc\include\stdio.h(356) : see declaration of 'sprintf'
         FeEntity.cpp
         FeGroup.cpp
         FeLanguage.cpp
         FeLayer.cpp
         FeMovie.cpp
         FeOwner.cpp
         FePage.cpp
     1>g:\code\simpsons hit&run\game\libs\scrooby\src\resourcemanager\feresourcemanager.h(193): warning C4996: 'strcpy': This function or variable may be unsafe. Consider using strcpy_s instead. To disable deprecation, use _CRT_SECURE_NO_WARNINGS. See online help for details.
                 c:\program files (x86)\microsoft visual studio 12.0\vc\include\string.h(112) : see declaration of 'strcpy'
         FeParent.cpp
         FePolygon.cpp
         FeProject.cpp
     1>g:\code\simpsons hit&run\game\libs\scrooby\src\resourcemanager\feresourcemanager.h(193): warning C4996: 'strcpy': This function or variable may be unsafe. Consider using strcpy_s instead. To disable deprecation, use _CRT_SECURE_NO_WARNINGS. See online help for details.
                 c:\program files (x86)\microsoft visual studio 12.0\vc\include\string.h(112) : see declaration of 'strcpy'
         FePure3dObject.cpp
     1>g:\code\simpsons hit&run\game\libs\scrooby\src\resourcemanager\feresourcemanager.h(193): warning C4996: 'strcpy': This function or variable may be unsafe. Consider using strcpy_s instead. To disable deprecation, use _CRT_SECURE_NO_WARNINGS. See online help for details.
                 c:\program files (x86)\microsoft visual studio 12.0\vc\include\string.h(112) : see declaration of 'strcpy'
         FeScreen.cpp
     1>g:\code\simpsons hit&run\game\libs\scrooby\src\resourcemanager\feresourcemanager.h(193): warning C4996: 'strcpy': This function or variable may be unsafe. Consider using strcpy_s instead. To disable deprecation, use _CRT_SECURE_NO_WARNINGS. See online help for details.
                 c:\program files (x86)\microsoft visual studio 12.0\vc\include\string.h(112) : see declaration of 'strcpy'
     1>g:\code\simpsons hit&run\game\libs\scrooby\src\fescreen.cpp(362): warning C4996: 'sprintf': This function or variable may be unsafe. Consider using sprintf_s instead. To disable deprecation, use _CRT_SECURE_NO_WARNINGS. See online help for details.
                 c:\program files (x86)\microsoft visual studio 12.0\vc\include\stdio.h(356) : see declaration of 'sprintf'
         FeSprite.cpp
     1>g:\code\simpsons hit&run\game\libs\scrooby\src\resourcemanager\feresourcemanager.h(193): warning C4996: 'strcpy': This function or variable may be unsafe. Consider using strcpy_s instead. To disable deprecation, use _CRT_SECURE_NO_WARNINGS. See online help for details.
                 c:\program files (x86)\microsoft visual studio 12.0\vc\include\string.h(112) : see declaration of 'strcpy'
     1>g:\code\simpsons hit&run\game\libs\scrooby\src\fesprite.cpp(609): warning C4996: 'sprintf': This function or variable may be unsafe. Consider using sprintf_s instead. To disable deprecation, use _CRT_SECURE_NO_WARNINGS. See online help for details.
                 c:\program files (x86)\microsoft visual studio 12.0\vc\include\stdio.h(356) : see declaration of 'sprintf'
         FeText.cpp
     1>g:\code\simpsons hit&run\game\libs\scrooby\src\resourcemanager\feresourcemanager.h(193): warning C4996: 'strcpy': This function or variable may be unsafe. Consider using strcpy_s instead. To disable deprecation, use _CRT_SECURE_NO_WARNINGS. See online help for details.
                 c:\program files (x86)\microsoft visual studio 12.0\vc\include\string.h(112) : see declaration of 'strcpy'
     1>g:\code\simpsons hit&run\game\libs\scrooby\src\fetext.cpp(888): warning C4996: 'strcpy': This function or variable may be unsafe. Consider using strcpy_s instead. To disable deprecation, use _CRT_SECURE_NO_WARNINGS. See online help for details.
                 c:\program files (x86)\microsoft visual studio 12.0\vc\include\string.h(112) : see declaration of 'strcpy'
         FeTextBible.cpp
         FeTextStyle.cpp
         App.cpp
         Generating Code...
         Compiling...
         FeChunkHandler.cpp
     1>g:\code\simpsons hit&run\game\libs\scrooby\src\resourcemanager\feresourcemanager.h(193): warning C4996: 'strcpy': This function or variable may be unsafe. Consider using strcpy_s instead. To disable deprecation, use _CRT_SECURE_NO_WARNINGS. See online help for details.
                 c:\program files (x86)\microsoft visual studio 12.0\vc\include\string.h(112) : see declaration of 'strcpy'
     1>g:\code\simpsons hit&run\game\libs\scrooby\src\fechunkhandler.cpp(700): warning C4996: 'stricmp': The POSIX name for this item is deprecated. Instead, use the ISO C++ conformant name: _stricmp. See online help for details.
                 c:\program files (x86)\microsoft visual studio 12.0\vc\include\string.h(253) : see declaration of 'stricmp'
     1>g:\code\simpsons hit&run\game\libs\scrooby\src\fechunkhandler.cpp(709): warning C4996: 'stricmp': The POSIX name for this item is deprecated. Instead, use the ISO C++ conformant name: _stricmp. See online help for details.
                 c:\program files (x86)\microsoft visual studio 12.0\vc\include\string.h(253) : see declaration of 'stricmp'
         FeLoaders.cpp
     1>g:\code\simpsons hit&run\game\libs\scrooby\src\resourcemanager\feresourcemanager.h(193): warning C4996: 'strcpy': This function or variable may be unsafe. Consider using strcpy_s instead. To disable deprecation, use _CRT_SECURE_NO_WARNINGS. See online help for details.
                 c:\program files (x86)\microsoft visual studio 12.0\vc\include\string.h(112) : see declaration of 'strcpy'
     1>g:\code\simpsons hit&run\game\libs\scrooby\src\feloaders.cpp(1263): warning C4996: 'strcpy': This function or variable may be unsafe. Consider using strcpy_s instead. To disable deprecation, use _CRT_SECURE_NO_WARNINGS. See online help for details.
                 c:\program files (x86)\microsoft visual studio 12.0\vc\include\string.h(112) : see declaration of 'strcpy'
         BufferReader.cpp
         XMLParser.cpp
     1>g:\code\simpsons hit&run\game\libs\scrooby\src\xml\xmlparser.cpp(493): warning C4996: 'strtok': This function or variable may be unsafe. Consider using strtok_s instead. To disable deprecation, use _CRT_SECURE_NO_WARNINGS. See online help for details.
                 c:\program files (x86)\microsoft visual studio 12.0\vc\include\string.h(204) : see declaration of 'strtok'
     1>g:\code\simpsons hit&run\game\libs\scrooby\src\xml\xmlparser.cpp(514): warning C4996: 'strtok': This function or variable may be unsafe. Consider using strtok_s instead. To disable deprecation, use _CRT_SECURE_NO_WARNINGS. See online help for details.
                 c:\program files (x86)\microsoft visual studio 12.0\vc\include\string.h(204) : see declaration of 'strtok'
     1>g:\code\simpsons hit&run\game\libs\scrooby\src\xml\xmlparser.cpp(535): warning C4996: 'strtok': This function or variable may be unsafe. Consider using strtok_s instead. To disable deprecation, use _CRT_SECURE_NO_WARNINGS. See online help for details.
                 c:\program files (x86)\microsoft visual studio 12.0\vc\include\string.h(204) : see declaration of 'strtok'
     1>g:\code\simpsons hit&run\game\libs\scrooby\src\xml\xmlparser.cpp(541): warning C4996: 'strtok': This function or variable may be unsafe. Consider using strtok_s instead. To disable deprecation, use _CRT_SECURE_NO_WARNINGS. See online help for details.
                 c:\program files (x86)\microsoft visual studio 12.0\vc\include\string.h(204) : see declaration of 'strtok'
     1>g:\code\simpsons hit&run\game\libs\scrooby\src\xml\xmlparser.cpp(547): warning C4996: 'strtok': This function or variable may be unsafe. Consider using strtok_s instead. To disable deprecation, use _CRT_SECURE_NO_WARNINGS. See online help for details.
                 c:\program files (x86)\microsoft visual studio 12.0\vc\include\string.h(204) : see declaration of 'strtok'
         XMLTree.cpp
         AsyncFileLoader.cpp
     1>g:\code\simpsons hit&run\game\libs\scrooby\src\utility\asyncfileloader.cpp(211): warning C4996: 'sprintf': This function or variable may be unsafe. Consider using sprintf_s instead. To disable deprecation, use _CRT_SECURE_NO_WARNINGS. See online help for details.
                 c:\program files (x86)\microsoft visual studio 12.0\vc\include\stdio.h(356) : see declaration of 'sprintf'
     1>g:\code\simpsons hit&run\game\libs\scrooby\src\utility\asyncfileloader.cpp(222): warning C4996: 'sprintf': This function or variable may be unsafe. Consider using sprintf_s instead. To disable deprecation, use _CRT_SECURE_NO_WARNINGS. See online help for details.
                 c:\program files (x86)\microsoft visual studio 12.0\vc\include\stdio.h(356) : see declaration of 'sprintf'
         EnumConversion.cpp
         debugMessages.cpp
     1>g:\code\simpsons hit&run\game\libs\scrooby\src\utility\debugmessages.cpp(204): warning C4996: 'vsprintf': This function or variable may be unsafe. Consider using vsprintf_s instead. To disable deprecation, use _CRT_SECURE_NO_WARNINGS. See online help for details.
                 c:\program files (x86)\microsoft visual studio 12.0\vc\include\stdio.h(356) : see declaration of 'vsprintf'
     1>g:\code\simpsons hit&run\game\libs\scrooby\src\utility\debugmessages.cpp(205): warning C4996: 'sprintf': This function or variable may be unsafe. Consider using sprintf_s instead. To disable deprecation, use _CRT_SECURE_NO_WARNINGS. See online help for details.
                 c:\program files (x86)\microsoft visual studio 12.0\vc\include\stdio.h(356) : see declaration of 'sprintf'
     1>g:\code\simpsons hit&run\game\libs\scrooby\src\utility\debugmessages.cpp(231): warning C4996: 'vsprintf': This function or variable may be unsafe. Consider using vsprintf_s instead. To disable deprecation, use _CRT_SECURE_NO_WARNINGS. See online help for details.
                 c:\program files (x86)\microsoft visual studio 12.0\vc\include\stdio.h(356) : see declaration of 'vsprintf'
     1>g:\code\simpsons hit&run\game\libs\scrooby\src\utility\debugmessages.cpp(233): warning C4996: 'sprintf': This function or variable may be unsafe. Consider using sprintf_s instead. To disable deprecation, use _CRT_SECURE_NO_WARNINGS. See online help for details.
                 c:\program files (x86)\microsoft visual studio 12.0\vc\include\stdio.h(356) : see declaration of 'sprintf'
         tLinearTable.cpp
         FeResourceManager.cpp
     1>g:\code\simpsons hit&run\game\libs\scrooby\src\resourcemanager\feresourcemanager.h(193): warning C4996: 'strcpy': This function or variable may be unsafe. Consider using strcpy_s instead. To disable deprecation, use _CRT_SECURE_NO_WARNINGS. See online help for details.
                 c:\program files (x86)\microsoft visual studio 12.0\vc\include\string.h(112) : see declaration of 'strcpy'
     1>g:\code\simpsons hit&run\game\libs\scrooby\src\resourcemanager\feresourcemanager.cpp(100): warning C4996: 'strcpy': This function or variable may be unsafe. Consider using strcpy_s instead. To disable deprecation, use _CRT_SECURE_NO_WARNINGS. See online help for details.
                 c:\program files (x86)\microsoft visual studio 12.0\vc\include\string.h(112) : see declaration of 'strcpy'
     1>g:\code\simpsons hit&run\game\libs\scrooby\src\resourcemanager\feresourcemanager.cpp(105): warning C4996: 'strcpy': This function or variable may be unsafe. Consider using strcpy_s instead. To disable deprecation, use _CRT_SECURE_NO_WARNINGS. See online help for details.
                 c:\program files (x86)\microsoft visual studio 12.0\vc\include\string.h(112) : see declaration of 'strcpy'
     1>g:\code\simpsons hit&run\game\libs\scrooby\src\resourcemanager\feresourcemanager.cpp(186): warning C4996: 'strcpy': This function or variable may be unsafe. Consider using strcpy_s instead. To disable deprecation, use _CRT_SECURE_NO_WARNINGS. See online help for details.
                 c:\program files (x86)\microsoft visual studio 12.0\vc\include\string.h(112) : see declaration of 'strcpy'
     1>g:\code\simpsons hit&run\game\libs\scrooby\src\resourcemanager\feresourcemanager.cpp(194): warning C4996: 'strcat': This function or variable may be unsafe. Consider using strcat_s instead. To disable deprecation, use _CRT_SECURE_NO_WARNINGS. See online help for details.
                 c:\program files (x86)\microsoft visual studio 12.0\vc\include\string.h(118) : see declaration of 'strcat'
     1>g:\code\simpsons hit&run\game\libs\scrooby\src\resourcemanager\feresourcemanager.cpp(199): warning C4996: 'strcat': This function or variable may be unsafe. Consider using strcat_s instead. To disable deprecation, use _CRT_SECURE_NO_WARNINGS. See online help for details.
                 c:\program files (x86)\microsoft visual studio 12.0\vc\include\string.h(118) : see declaration of 'strcat'
     1>g:\code\simpsons hit&run\game\libs\scrooby\src\resourcemanager\feresourcemanager.cpp(203): warning C4996: 'strcat': This function or variable may be unsafe. Consider using strcat_s instead. To disable deprecation, use _CRT_SECURE_NO_WARNINGS. See online help for details.
                 c:\program files (x86)\microsoft visual studio 12.0\vc\include\string.h(118) : see declaration of 'strcat'
     1>g:\code\simpsons hit&run\game\libs\scrooby\src\resourcemanager\feresourcemanager.cpp(1009): warning C4996: 'strcpy': This function or variable may be unsafe. Consider using strcpy_s instead. To disable deprecation, use _CRT_SECURE_NO_WARNINGS. See online help for details.
                 c:\program files (x86)\microsoft visual studio 12.0\vc\include\string.h(112) : see declaration of 'strcpy'
     1>g:\code\simpsons hit&run\game\libs\scrooby\src\resourcemanager\feresourcemanager.cpp(1029): warning C4996: 'strcpy': This function or variable may be unsafe. Consider using strcpy_s instead. To disable deprecation, use _CRT_SECURE_NO_WARNINGS. See online help for details.
                 c:\program files (x86)\microsoft visual studio 12.0\vc\include\string.h(112) : see declaration of 'strcpy'
         UnicodeString.cpp
         pcstring.cpp
     1>g:\code\simpsons hit&run\game\libs\scrooby\src\strings\pcstring.cpp(131): warning C4996: 'strcpy': This function or variable may be unsafe. Consider using strcpy_s instead. To disable deprecation, use _CRT_SECURE_NO_WARNINGS. See online help for details.
                 c:\program files (x86)\microsoft visual studio 12.0\vc\include\string.h(112) : see declaration of 'strcpy'
     1>g:\code\simpsons hit&run\game\libs\scrooby\src\strings\pcstring.cpp(188): warning C4996: 'strcpy': This function or variable may be unsafe. Consider using strcpy_s instead. To disable deprecation, use _CRT_SECURE_NO_WARNINGS. See online help for details.
                 c:\program files (x86)\microsoft visual studio 12.0\vc\include\string.h(112) : see declaration of 'strcpy'
     1>g:\code\simpsons hit&run\game\libs\scrooby\src\strings\pcstring.cpp(221): warning C4996: 'strcpy': This function or variable may be unsafe. Consider using strcpy_s instead. To disable deprecation, use _CRT_SECURE_NO_WARNINGS. See online help for details.
                 c:\program files (x86)\microsoft visual studio 12.0\vc\include\string.h(112) : see declaration of 'strcpy'
     1>g:\code\simpsons hit&run\game\libs\scrooby\src\strings\pcstring.cpp(244): warning C4996: 'strcpy': This function or variable may be unsafe. Consider using strcpy_s instead. To disable deprecation, use _CRT_SECURE_NO_WARNINGS. See online help for details.
                 c:\program files (x86)\microsoft visual studio 12.0\vc\include\string.h(112) : see declaration of 'strcpy'
     1>g:\code\simpsons hit&run\game\libs\scrooby\src\strings\pcstring.cpp(323): warning C4996: 'strcpy': This function or variable may be unsafe. Consider using strcpy_s instead. To disable deprecation, use _CRT_SECURE_NO_WARNINGS. See online help for details.
                 c:\program files (x86)\microsoft visual studio 12.0\vc\include\string.h(112) : see declaration of 'strcpy'
     1>g:\code\simpsons hit&run\game\libs\scrooby\src\strings\pcstring.cpp(346): warning C4996: 'strcat': This function or variable may be unsafe. Consider using strcat_s instead. To disable deprecation, use _CRT_SECURE_NO_WARNINGS. See online help for details.
                 c:\program files (x86)\microsoft visual studio 12.0\vc\include\string.h(118) : see declaration of 'strcat'
     1>g:\code\simpsons hit&run\game\libs\scrooby\src\strings\pcstring.cpp(368): warning C4996: 'strcat': This function or variable may be unsafe. Consider using strcat_s instead. To disable deprecation, use _CRT_SECURE_NO_WARNINGS. See online help for details.
                 c:\program files (x86)\microsoft visual studio 12.0\vc\include\string.h(118) : see declaration of 'strcat'
     1>g:\code\simpsons hit&run\game\libs\scrooby\src\strings\pcstring.cpp(958): warning C4996: 'strncpy': This function or variable may be unsafe. Consider using strncpy_s instead. To disable deprecation, use _CRT_SECURE_NO_WARNINGS. See online help for details.
                 c:\program files (x86)\microsoft visual studio 12.0\vc\include\string.h(195) : see declaration of 'strncpy'
     1>g:\code\simpsons hit&run\game\libs\scrooby\src\strings\pcstring.cpp(1186): warning C4996: 'strcpy': This function or variable may be unsafe. Consider using strcpy_s instead. To disable deprecation, use _CRT_SECURE_NO_WARNINGS. See online help for details.
                 c:\program files (x86)\microsoft visual studio 12.0\vc\include\string.h(112) : see declaration of 'strcpy'
         stricmp.cpp
         Generating Code...
     1>C:\Program Files (x86)\MSBuild\Microsoft.Cpp\v4.0\V120\Microsoft.CppBuild.targets(1354,5): warning MSB8012: TargetPath(G:\Code\Simpsons Hit&Run\game\libs\scrooby\build\win32\.\Debug\ScroobyLib.lib) does not match the Library's OutputFile property value (G:\Code\Simpsons Hit&Run\game\libs\scrooby\lib\scroobywd.lib). This may cause your project to build incorrectly. To correct this, please make sure that $(OutDir), $(TargetName) and $(TargetExt) property values match the value specified in %(Lib.OutputFile).
     1>C:\Program Files (x86)\MSBuild\Microsoft.Cpp\v4.0\V120\Microsoft.CppBuild.targets(1356,5): warning MSB8012: TargetName(ScroobyLib) does not match the Library's OutputFile property value (scroobywd). This may cause your project to build incorrectly. To correct this, please make sure that $(OutDir), $(TargetName) and $(TargetExt) property values match the value specified in %(Lib.OutputFile).
       Lib:
         C:\Program Files (x86)\Microsoft Visual Studio 12.0\VC\bin\Lib.exe /OUT:"..\..\lib\scroobywd.lib" /NOLOGO .\Debug/FeApp.obj
         .\Debug/FeBoundedDrawable.obj
         .\Debug/FeDrawable.obj
         .\Debug/FeEntity.obj
         .\Debug/FeGroup.obj
         .\Debug/FeLanguage.obj
         .\Debug/FeLayer.obj
         .\Debug/FeMovie.obj
         .\Debug/FeOwner.obj
         .\Debug/FePage.obj
         .\Debug/FeParent.obj
         .\Debug/FePolygon.obj
         .\Debug/FeProject.obj
         .\Debug/FePure3dObject.obj
         .\Debug/FeScreen.obj
         .\Debug/FeSprite.obj
         .\Debug/FeText.obj
         .\Debug/FeTextBible.obj
         .\Debug/FeTextStyle.obj
         .\Debug/App.obj
         .\Debug/FeChunkHandler.obj
         .\Debug/FeLoaders.obj
         .\Debug/BufferReader.obj
         .\Debug/XMLParser.obj
         .\Debug/XMLTree.obj
         .\Debug/AsyncFileLoader.obj
         .\Debug/EnumConversion.obj
         .\Debug/debugMessages.obj
         .\Debug/tLinearTable.obj
         .\Debug/FeResourceManager.obj
         .\Debug/UnicodeString.obj
         .\Debug/pcstring.obj
         .\Debug/stricmp.obj
         ScroobyLib.vcxproj -> G:\Code\Simpsons Hit&Run\game\libs\scrooby\build\win32\.\Debug\ScroobyLib.lib
       BscMake:
         C:\Program Files (x86)\Microsoft Visual Studio 12.0\VC\bin\bscmake.exe /nologo /o".\Debug\ScroobyLib.bsc" .\Debug\FeApp.sbr .\Debug\FeBoundedDrawable.sbr .\Debug\FeDrawable.sbr .\Debug\FeEntity.sbr .\Debug\FeGroup.sbr .\Debug\FeLanguage.sbr .\Debug\FeLayer.sbr .\Debug\FeMovie.sbr .\Debug\FeOwner.sbr .\Debug\FePage.sbr .\Debug\FeParent.sbr .\Debug\FePolygon.sbr .\Debug\FeProject.sbr .\Debug\FePure3dObject.sbr .\Debug\FeScreen.sbr .\Debug\FeSprite.sbr .\Debug\FeText.sbr .\Debug\FeTextBible.sbr .\Debug\FeTextStyle.sbr .\Debug\App.sbr .\Debug\FeChunkHandler.sbr .\Debug\FeLoaders.sbr .\Debug\BufferReader.sbr .\Debug\XMLParser.sbr .\Debug\XMLTree.sbr .\Debug\AsyncFileLoader.sbr .\Debug\EnumConversion.sbr .\Debug\debugMessages.sbr .\Debug\tLinearTable.sbr .\Debug\FeResourceManager.sbr .\Debug\UnicodeString.sbr .\Debug\pcstring.sbr .\Debug\stricmp.sbr
     1>Done Building Project "G:\Code\Simpsons Hit&Run\game\libs\scrooby\build\win32\ScroobyLib.vcxproj" (Rebuild target(s)).

Build succeeded.

Time Elapsed 00:00:11.65
