Build started 11/7/2015 5:40:29 PM.
     1>Project "G:\Code\Simpsons Hit&Run\game\libs\pure3d\build\win32\Pure3D.vcxproj" on node 5 (Build target(s)).
     1>ClCompile:
         C:\Program Files (x86)\Microsoft Visual Studio 12.0\VC\bin\CL.exe /c /I../../.. /I../../../radcontent/inc /I../.. /I../../lib/libpng /I../../lib/zlib /I../../../ftech/radcore/inc /I../../../radcore/inc /I../../../radmath /I../../../radcontent\inc /I../../../../code /Zi /nologo /W3 /WX- /Od /Oy- /D _DEBUG /D _LIB /D WIN32 /D PNG_USER_MEM_SUPPORTED /D RAD_DEBUG /D RAD_PC /D RAD_WIN32 /D _MBCS /Gm- /EHsc /MTd /GS /fp:precise /Zc:wchar_t /Zc:forScope /GR /Fo".\obj\Pure3D\Debug/" /Fd".\obj\Pure3D\Debug/vc120.pdb" /FR".\obj\Pure3D\Debug\\" /Gd /TP /analyze- /errorReport:prompt ..\..\p3d\anim\vertexanimkey.cpp ..\..\p3d\anim\vertexanimobject.cpp ..\..\p3d\anim\vertexoffsetexpression.cpp ..\..\p3d\anim\visibilityanimation.cpp ..\..\p3d\effects\effect.cpp ..\..\p3d\effects\optic.cpp ..\..\p3d\effects\opticlensflare.cpp ..\..\p3d\effects\opticloader.cpp ..\..\p3d\effects\particlearray.cpp ..\..\p3d\effects\particleemitter.cpp ..\..\p3d\effects\particlegenerator.cpp ..\..\p3d\effects\particleloader.cpp ..\..\p3d\effects\particlepool.cpp ..\..\p3d\effects\particlesystem.cpp ..\..\p3d\effects\particletype.cpp ..\..\p3d\effects\particleutility.cpp ..\..\p3d\effects\transitionmanager.cpp ..\..\p3d\platform\win32\platform.cpp ..\..\p3d\scenegraph\nodeanimation.cpp ..\..\p3d\scenegraph\scenegraph.cpp ..\..\p3d\shadow\shadow_common.cpp ..\..\p3d\shadow\shadow_generic.cpp
         vertexanimkey.cpp
         vertexanimobject.cpp
         vertexoffsetexpression.cpp
         visibilityanimation.cpp
         effect.cpp
         optic.cpp
         opticlensflare.cpp
         opticloader.cpp
         particlearray.cpp
         particleemitter.cpp
         particlegenerator.cpp
         particleloader.cpp
         particlepool.cpp
         particlesystem.cpp
         particletype.cpp
         particleutility.cpp
         transitionmanager.cpp
         platform.cpp
     1>..\..\p3d\platform\win32\platform.cpp(13): fatal error C1083: Cannot open include file: 'fstream.h': No such file or directory
         nodeanimation.cpp
         scenegraph.cpp
         Generating Code...
         Compiling...
         shadow_common.cpp
         shadow_generic.cpp
         Generating Code...
     1>Done Building Project "G:\Code\Simpsons Hit&Run\game\libs\pure3d\build\win32\Pure3D.vcxproj" (Build target(s)) -- FAILED.

Build FAILED.

Time Elapsed 00:00:04.40
