Build started 11/7/2015 5:37:57 PM.
     1>Project "G:\Code\Simpsons Hit&Run\game\libs\poser\build\win32\poser.vcxproj" on node 7 (Rebuild target(s)).
     1>ClCompile:
         C:\Program Files (x86)\Microsoft Visual Studio 12.0\VC\bin\CL.exe /c /I..\..\inc /I..\..\..\pure3d /I..\..\..\radmath /I..\..\..\radcore\inc /I..\..\..\radcontent\inc /I..\..\..\..\code\ /ZI /nologo /W3 /WX- /Od /Oy- /D _DEBUG /D RAD_DEBUG /D WIN32 /D _LIB /D RAD_WIN32 /D RAD_PC /D _MBCS /Gm- /EHsc /MTd /GS /fp:precise /Zc:wchar_t /Zc:forScope /GR /Fo".\debug/" /Fd".\debug/vc120.pdb" /Gd /TP /analyze- /errorReport:prompt ..\..\src\joint.cpp ..\..\src\pose.cpp ..\..\src\posedriver.cpp ..\..\src\poseengine.cpp ..\..\src\transform.cpp
         joint.cpp
         pose.cpp
         posedriver.cpp
         poseengine.cpp
         transform.cpp
         Generating Code...
     1>C:\Program Files (x86)\MSBuild\Microsoft.Cpp\v4.0\V120\Microsoft.CppBuild.targets(1354,5): warning MSB8012: TargetPath(G:\Code\Simpsons Hit&Run\game\libs\poser\build\win32\.\debug\poser.lib) does not match the Library's OutputFile property value (G:\Code\Simpsons Hit&Run\game\libs\poser\lib\poserwd.lib). This may cause your project to build incorrectly. To correct this, please make sure that $(OutDir), $(TargetName) and $(TargetExt) property values match the value specified in %(Lib.OutputFile).
     1>C:\Program Files (x86)\MSBuild\Microsoft.Cpp\v4.0\V120\Microsoft.CppBuild.targets(1356,5): warning MSB8012: TargetName(poser) does not match the Library's OutputFile property value (poserwd). This may cause your project to build incorrectly. To correct this, please make sure that $(OutDir), $(TargetName) and $(TargetExt) property values match the value specified in %(Lib.OutputFile).
       Lib:
         C:\Program Files (x86)\Microsoft Visual Studio 12.0\VC\bin\Lib.exe /OUT:"..\..\lib\poserwd.lib" /NOLOGO .\debug/joint.obj
         .\debug/pose.obj
         .\debug/posedriver.obj
         .\debug/poseengine.obj
         .\debug/transform.obj
         poser.vcxproj -> G:\Code\Simpsons Hit&Run\game\libs\poser\build\win32\.\debug\poser.lib
     1>Done Building Project "G:\Code\Simpsons Hit&Run\game\libs\poser\build\win32\poser.vcxproj" (Rebuild target(s)).

Build succeeded.

Time Elapsed 00:00:01.40
