Build started 11/7/2015 5:37:57 PM.
     1>Project "G:\Code\Simpsons Hit&Run\game\libs\sim\build\win32\sim.vcxproj" on node 4 (Rebuild target(s)).
     1>ClCompile:
         C:\Program Files (x86)\Microsoft Visual Studio 12.0\VC\bin\CL.exe /c /I../../ /I../../../pure3d/ /I../../../radmath/ /I../../../radcontent/inc/ /I../../../poser/inc /I../../../radcore/inc /I..\..\..\..\code /ZI /nologo /W3 /WX- /Od /Oy- /D _DEBUG /D _LIB /D WIN32 /D PNG_USER_MEM_SUPPORTED /D RAD_DEBUG /D RAD_PC /D RAD_WIN32 /D _MBCS /Gm- /EHsc /MTd /GS /fp:precise /Zc:wchar_t /Zc:forScope /GR /Fo".\Debug/" /Fd".\Debug/vc120.pdb" /FR".\Debug\\" /Gd /TP /analyze- /errorReport:prompt ..\..\simcollision\collision.cpp ..\..\simcollision\collisionanalyser.cpp ..\..\simcollision\collisionanalyserdata.cpp ..\..\simcollision\collisionanalyserdataUID.cpp ..\..\simcollision\collisionanalyserevent.cpp ..\..\simcollision\collisionanalyserinfo.cpp ..\..\simcollision\collisionanalysertranslator.cpp ..\..\simcollision\collisiondetector.cpp ..\..\simcollision\collisiondisplay.cpp ..\..\simcollision\collisionmanager.cpp ..\..\simcollision\collisionobject.cpp ..\..\simcollision\collisionvolume.cpp ..\..\simcollision\impulsebasedcollisionsolver.cpp ..\..\simcollision\proximitydetection.cpp ..\..\simcollision\subcollisiondetector.cpp ..\..\simcommon\arraymath.cpp ..\..\simcommon\dline2.cpp ..\..\simcommon\impulselink.cpp ..\..\simcommon\kalmann.cpp ..\..\simcommon\largesymmetricmatrix.cpp ..\..\simcommon\physicsproperties.cpp ..\..\simcommon\sbmatrix.cpp ..\..\simcommon\simconstraint.cpp ..\..\simcommon\simenvironment.cpp ..\..\simcommon\simmath.cpp ..\..\simcommon\simstate.cpp ..\..\simcommon\simstatearticulated.cpp ..\..\simcommon\simstateflexible.cpp ..\..\simcommon\simstatetarget.cpp ..\..\simcommon\simtarget.cpp ..\..\simcommon\simulatedobject.cpp ..\..\simcommon\simutility.cpp ..\..\simcommon\skeletoninfo.cpp ..\..\simcommon\symmatrix.cpp ..\..\simcommon\tlist.cpp ..\..\simcommon\trackerjointmodifier.cpp ..\..\simcommon\trajectoryextrapolator.cpp ..\..\simphysics\articulatedphysicsobject.cpp ..\..\simphysics\physicsjoint.cpp ..\..\simphysics\physicsobject.cpp ..\..\simphysics\restingdetector.cpp ..\..\simphysics\virtualcm.cpp
         collision.cpp
         collisionanalyser.cpp
         collisionanalyserdata.cpp
         collisionanalyserdataUID.cpp
         collisionanalyserevent.cpp
         collisionanalyserinfo.cpp
         collisionanalysertranslator.cpp
         collisiondetector.cpp
         collisiondisplay.cpp
         collisionmanager.cpp
         collisionobject.cpp
         collisionvolume.cpp
         impulsebasedcollisionsolver.cpp
         proximitydetection.cpp
         subcollisiondetector.cpp
         arraymath.cpp
         dline2.cpp
         impulselink.cpp
         kalmann.cpp
         largesymmetricmatrix.cpp
     1>g:\code\simpsons hit&run\game\libs\sim\simcommon\largesymmetricmatrix.cpp(201): warning C4996: 'sprintf': This function or variable may be unsafe. Consider using sprintf_s instead. To disable deprecation, use _CRT_SECURE_NO_WARNINGS. See online help for details.
                 c:\program files (x86)\microsoft visual studio 12.0\vc\include\stdio.h(356) : see declaration of 'sprintf'
     1>g:\code\simpsons hit&run\game\libs\sim\simcommon\largesymmetricmatrix.cpp(205): warning C4996: 'sprintf': This function or variable may be unsafe. Consider using sprintf_s instead. To disable deprecation, use _CRT_SECURE_NO_WARNINGS. See online help for details.
                 c:\program files (x86)\microsoft visual studio 12.0\vc\include\stdio.h(356) : see declaration of 'sprintf'
     1>g:\code\simpsons hit&run\game\libs\sim\simcommon\largesymmetricmatrix.cpp(210): warning C4996: 'sprintf': This function or variable may be unsafe. Consider using sprintf_s instead. To disable deprecation, use _CRT_SECURE_NO_WARNINGS. See online help for details.
                 c:\program files (x86)\microsoft visual studio 12.0\vc\include\stdio.h(356) : see declaration of 'sprintf'
     1>g:\code\simpsons hit&run\game\libs\sim\simcommon\largesymmetricmatrix.cpp(214): warning C4996: 'sprintf': This function or variable may be unsafe. Consider using sprintf_s instead. To disable deprecation, use _CRT_SECURE_NO_WARNINGS. See online help for details.
                 c:\program files (x86)\microsoft visual studio 12.0\vc\include\stdio.h(356) : see declaration of 'sprintf'
         Generating Code...
         Compiling...
         physicsproperties.cpp
         sbmatrix.cpp
         simconstraint.cpp
         simenvironment.cpp
         simmath.cpp
         simstate.cpp
         simstatearticulated.cpp
         simstateflexible.cpp
         simstatetarget.cpp
         simtarget.cpp
         simulatedobject.cpp
         simutility.cpp
     1>g:\code\simpsons hit&run\game\libs\sim\simcommon\simutility.cpp(499): warning C4996: 'sprintf': This function or variable may be unsafe. Consider using sprintf_s instead. To disable deprecation, use _CRT_SECURE_NO_WARNINGS. See online help for details.
                 c:\program files (x86)\microsoft visual studio 12.0\vc\include\stdio.h(356) : see declaration of 'sprintf'
     1>g:\code\simpsons hit&run\game\libs\sim\simcommon\simutility.cpp(512): warning C4996: 'sprintf': This function or variable may be unsafe. Consider using sprintf_s instead. To disable deprecation, use _CRT_SECURE_NO_WARNINGS. See online help for details.
                 c:\program files (x86)\microsoft visual studio 12.0\vc\include\stdio.h(356) : see declaration of 'sprintf'
     1>g:\code\simpsons hit&run\game\libs\sim\simcommon\simutility.cpp(565): warning C4996: 'sprintf': This function or variable may be unsafe. Consider using sprintf_s instead. To disable deprecation, use _CRT_SECURE_NO_WARNINGS. See online help for details.
                 c:\program files (x86)\microsoft visual studio 12.0\vc\include\stdio.h(356) : see declaration of 'sprintf'
         skeletoninfo.cpp
         symmatrix.cpp
         tlist.cpp
         trackerjointmodifier.cpp
         trajectoryextrapolator.cpp
         articulatedphysicsobject.cpp
         physicsjoint.cpp
         physicsobject.cpp
         Generating Code...
         Compiling...
         restingdetector.cpp
         virtualcm.cpp
     1>g:\code\simpsons hit&run\game\libs\sim\simphysics\virtualcm.cpp(133): warning C4996: 'sprintf': This function or variable may be unsafe. Consider using sprintf_s instead. To disable deprecation, use _CRT_SECURE_NO_WARNINGS. See online help for details.
                 c:\program files (x86)\microsoft visual studio 12.0\vc\include\stdio.h(356) : see declaration of 'sprintf'
     1>g:\code\simpsons hit&run\game\libs\sim\simphysics\virtualcm.cpp(135): warning C4996: 'sprintf': This function or variable may be unsafe. Consider using sprintf_s instead. To disable deprecation, use _CRT_SECURE_NO_WARNINGS. See online help for details.
                 c:\program files (x86)\microsoft visual studio 12.0\vc\include\stdio.h(356) : see declaration of 'sprintf'
     1>g:\code\simpsons hit&run\game\libs\sim\simphysics\virtualcm.cpp(140): warning C4996: 'sprintf': This function or variable may be unsafe. Consider using sprintf_s instead. To disable deprecation, use _CRT_SECURE_NO_WARNINGS. See online help for details.
                 c:\program files (x86)\microsoft visual studio 12.0\vc\include\stdio.h(356) : see declaration of 'sprintf'
     1>g:\code\simpsons hit&run\game\libs\sim\simphysics\virtualcm.cpp(146): warning C4996: 'sprintf': This function or variable may be unsafe. Consider using sprintf_s instead. To disable deprecation, use _CRT_SECURE_NO_WARNINGS. See online help for details.
                 c:\program files (x86)\microsoft visual studio 12.0\vc\include\stdio.h(356) : see declaration of 'sprintf'
     1>g:\code\simpsons hit&run\game\libs\sim\simphysics\virtualcm.cpp(148): warning C4996: 'sprintf': This function or variable may be unsafe. Consider using sprintf_s instead. To disable deprecation, use _CRT_SECURE_NO_WARNINGS. See online help for details.
                 c:\program files (x86)\microsoft visual studio 12.0\vc\include\stdio.h(356) : see declaration of 'sprintf'
     1>g:\code\simpsons hit&run\game\libs\sim\simphysics\virtualcm.cpp(153): warning C4996: 'sprintf': This function or variable may be unsafe. Consider using sprintf_s instead. To disable deprecation, use _CRT_SECURE_NO_WARNINGS. See online help for details.
                 c:\program files (x86)\microsoft visual studio 12.0\vc\include\stdio.h(356) : see declaration of 'sprintf'
     1>g:\code\simpsons hit&run\game\libs\sim\simphysics\virtualcm.cpp(203): warning C4996: 'sprintf': This function or variable may be unsafe. Consider using sprintf_s instead. To disable deprecation, use _CRT_SECURE_NO_WARNINGS. See online help for details.
                 c:\program files (x86)\microsoft visual studio 12.0\vc\include\stdio.h(356) : see declaration of 'sprintf'
         Generating Code...
     1>C:\Program Files (x86)\MSBuild\Microsoft.Cpp\v4.0\V120\Microsoft.CppBuild.targets(1354,5): warning MSB8012: TargetPath(G:\Code\Simpsons Hit&Run\game\libs\sim\build\win32\.\Debug\sim.lib) does not match the Library's OutputFile property value (G:\Code\Simpsons Hit&Run\game\libs\sim\lib\simwd.lib). This may cause your project to build incorrectly. To correct this, please make sure that $(OutDir), $(TargetName) and $(TargetExt) property values match the value specified in %(Lib.OutputFile).
     1>C:\Program Files (x86)\MSBuild\Microsoft.Cpp\v4.0\V120\Microsoft.CppBuild.targets(1356,5): warning MSB8012: TargetName(sim) does not match the Library's OutputFile property value (simwd). This may cause your project to build incorrectly. To correct this, please make sure that $(OutDir), $(TargetName) and $(TargetExt) property values match the value specified in %(Lib.OutputFile).
       Lib:
         C:\Program Files (x86)\Microsoft Visual Studio 12.0\VC\bin\Lib.exe /OUT:"..\..\lib\simwd.lib" /NOLOGO .\Debug/collision.obj
         .\Debug/collisionanalyser.obj
         .\Debug/collisionanalyserdata.obj
         .\Debug/collisionanalyserdataUID.obj
         .\Debug/collisionanalyserevent.obj
         .\Debug/collisionanalyserinfo.obj
         .\Debug/collisionanalysertranslator.obj
         .\Debug/collisiondetector.obj
         .\Debug/collisiondisplay.obj
         .\Debug/collisionmanager.obj
         .\Debug/collisionobject.obj
         .\Debug/collisionvolume.obj
         .\Debug/impulsebasedcollisionsolver.obj
         .\Debug/proximitydetection.obj
         .\Debug/subcollisiondetector.obj
         .\Debug/arraymath.obj
         .\Debug/dline2.obj
         .\Debug/impulselink.obj
         .\Debug/kalmann.obj
         .\Debug/largesymmetricmatrix.obj
         .\Debug/physicsproperties.obj
         .\Debug/sbmatrix.obj
         .\Debug/simconstraint.obj
         .\Debug/simenvironment.obj
         .\Debug/simmath.obj
         .\Debug/simstate.obj
         .\Debug/simstatearticulated.obj
         .\Debug/simstateflexible.obj
         .\Debug/simstatetarget.obj
         .\Debug/simtarget.obj
         .\Debug/simulatedobject.obj
         .\Debug/simutility.obj
         .\Debug/skeletoninfo.obj
         .\Debug/symmatrix.obj
         .\Debug/tlist.obj
         .\Debug/trackerjointmodifier.obj
         .\Debug/trajectoryextrapolator.obj
         .\Debug/articulatedphysicsobject.obj
         .\Debug/physicsjoint.obj
         .\Debug/physicsobject.obj
         .\Debug/restingdetector.obj
         .\Debug/virtualcm.obj
         sim.vcxproj -> G:\Code\Simpsons Hit&Run\game\libs\sim\build\win32\.\Debug\sim.lib
       BscMake:
         C:\Program Files (x86)\Microsoft Visual Studio 12.0\VC\bin\bscmake.exe /nologo /o".\Debug\sim.bsc" .\Debug\collision.sbr .\Debug\collisionanalyser.sbr .\Debug\collisionanalyserdata.sbr .\Debug\collisionanalyserdataUID.sbr .\Debug\collisionanalyserevent.sbr .\Debug\collisionanalyserinfo.sbr .\Debug\collisionanalysertranslator.sbr .\Debug\collisiondetector.sbr .\Debug\collisiondisplay.sbr .\Debug\collisionmanager.sbr .\Debug\collisionobject.sbr .\Debug\collisionvolume.sbr .\Debug\impulsebasedcollisionsolver.sbr .\Debug\proximitydetection.sbr .\Debug\subcollisiondetector.sbr .\Debug\arraymath.sbr .\Debug\dline2.sbr .\Debug\impulselink.sbr .\Debug\kalmann.sbr .\Debug\largesymmetricmatrix.sbr .\Debug\physicsproperties.sbr .\Debug\sbmatrix.sbr .\Debug\simconstraint.sbr .\Debug\simenvironment.sbr .\Debug\simmath.sbr .\Debug\simstate.sbr .\Debug\simstatearticulated.sbr .\Debug\simstateflexible.sbr .\Debug\simstatetarget.sbr .\Debug\simtarget.sbr .\Debug\simulatedobject.sbr .\Debug\simutility.sbr .\Debug\skeletoninfo.sbr .\Debug\symmatrix.sbr .\Debug\tlist.sbr .\Debug\trackerjointmodifier.sbr .\Debug\trajectoryextrapolator.sbr .\Debug\articulatedphysicsobject.sbr .\Debug\physicsjoint.sbr .\Debug\physicsobject.sbr .\Debug\restingdetector.sbr .\Debug\virtualcm.sbr
     1>Done Building Project "G:\Code\Simpsons Hit&Run\game\libs\sim\build\win32\sim.vcxproj" (Rebuild target(s)).

Build succeeded.

Time Elapsed 00:00:17.06
