Build started 11/7/2015 5:37:55 PM.
     1>Project "G:\Code\Simpsons Hit&Run\game\libs\radmath\build\win32\radmath.vcxproj" on node 9 (Rebuild target(s)).
     1>ClCompile:
         C:\Program Files (x86)\Microsoft Visual Studio 12.0\VC\bin\CL.exe /c /I../.. /Zi /nologo /W3 /WX- /Od /Oy- /D _LIB /D RAD_DEBUG /D _DEBUG /D WIN32 /D RAD_WIN32 /D RAD_PC /D _MBCS /Gm- /EHsc /MTd /GS /fp:precise /Zc:wchar_t /Zc:forScope /Fo".\obj\Debug/" /Fd".\obj\Debug/vc120.pdb" /Gd /TP /analyze- /errorReport:prompt ..\..\radmath\matrix.cpp ..\..\radmath\numerical.cpp ..\..\radmath\plane.cpp ..\..\radmath\quaternion.cpp ..\..\radmath\radmath.cpp ..\..\radmath\random.cpp ..\..\radmath\spline.cpp ..\..\radmath\triangle.cpp ..\..\radmath\trig.cpp ..\..\radmath\vector.cpp
         matrix.cpp
         numerical.cpp
         plane.cpp
         quaternion.cpp
         radmath.cpp
         random.cpp
         spline.cpp
         triangle.cpp
         trig.cpp
         vector.cpp
         Generating Code...
     1>C:\Program Files (x86)\MSBuild\Microsoft.Cpp\v4.0\V120\Microsoft.CppBuild.targets(1354,5): warning MSB8012: TargetPath(G:\Code\Simpsons Hit&Run\game\libs\radmath\build\win32\.\obj\Debug\radmath.lib) does not match the Library's OutputFile property value (G:\Code\Simpsons Hit&Run\game\libs\radmath\lib\radmathwd.lib). This may cause your project to build incorrectly. To correct this, please make sure that $(OutDir), $(TargetName) and $(TargetExt) property values match the value specified in %(Lib.OutputFile).
     1>C:\Program Files (x86)\MSBuild\Microsoft.Cpp\v4.0\V120\Microsoft.CppBuild.targets(1356,5): warning MSB8012: TargetName(radmath) does not match the Library's OutputFile property value (radmathwd). This may cause your project to build incorrectly. To correct this, please make sure that $(OutDir), $(TargetName) and $(TargetExt) property values match the value specified in %(Lib.OutputFile).
       Lib:
         C:\Program Files (x86)\Microsoft Visual Studio 12.0\VC\bin\Lib.exe /OUT:"..\..\lib\radmathwd.lib" /NOLOGO .\obj\Debug/matrix.obj
         .\obj\Debug/numerical.obj
         .\obj\Debug/plane.obj
         .\obj\Debug/quaternion.obj
         .\obj\Debug/radmath.obj
         .\obj\Debug/random.obj
         .\obj\Debug/spline.obj
         .\obj\Debug/triangle.obj
         .\obj\Debug/trig.obj
         .\obj\Debug/vector.obj
         radmath.vcxproj -> G:\Code\Simpsons Hit&Run\game\libs\radmath\build\win32\.\obj\Debug\radmath.lib
     1>Done Building Project "G:\Code\Simpsons Hit&Run\game\libs\radmath\build\win32\radmath.vcxproj" (Rebuild target(s)).

Build succeeded.

Time Elapsed 00:00:01.84
